2025-07-06 15:00:12,112 INFO o.h.v.i.u.Version [background-preinit] HV000001: Hibernate Validator 8.0.2.Final
2025-07-06 15:00:12,187 INFO o.s.b.StartupInfoLogger [main] Starting SearchBotApplication using Java 17.0.9 with PID 3268 (C:\workspace\nearby-search-bot\target\classes started by user in C:\workspace\nearby-search-bot)
2025-07-06 15:00:12,188 INFO o.s.b.SpringApplication [main] No active profile set, falling back to 1 default profile: "default"
2025-07-06 15:00:13,433 INFO o.s.b.w.e.t.TomcatWebServer [main] Tomcat initialized with port 8080 (http)
2025-07-06 15:00:13,447 INFO o.a.j.l.DirectJDKLog [main] Initializing ProtocolHandler ["http-nio-8080"]
2025-07-06 15:00:13,449 INFO o.a.j.l.DirectJDKLog [main] Starting service [Tomcat]
2025-07-06 15:00:13,449 INFO o.a.j.l.DirectJDKLog [main] Starting Servlet engine: [Apache Tomcat/10.1.42]
2025-07-06 15:00:13,532 INFO o.a.j.l.DirectJDKLog [main] Initializing Spring embedded WebApplicationContext
2025-07-06 15:00:13,533 INFO o.s.b.w.s.c.ServletWebServerApplicationContext [main] Root WebApplicationContext: initialization completed in 1298 ms
2025-07-06 15:00:13,646 WARN o.s.c.s.AbstractApplicationContext [main] Exception encountered during context initialization - cancelling refresh attempt: org.springframework.beans.factory.UnsatisfiedDependencyException: Error creating bean with name 'searchBot' defined in file [C:\workspace\nearby-search-bot\target\classes\com\bieliaiev\search_bot\bot\SearchBot.class]: Unsatisfied dependency expressed through constructor parameter 1: Error creating bean with name 'searchService' defined in file [C:\workspace\nearby-search-bot\target\classes\com\bieliaiev\search_bot\service\SearchService.class]: Unsatisfied dependency expressed through constructor parameter 0: No qualifying bean of type 'org.springframework.web.client.RestTemplate' available: expected at least 1 bean which qualifies as autowire candidate. Dependency annotations: {}
2025-07-06 15:00:13,648 INFO o.a.j.l.DirectJDKLog [main] Stopping service [Tomcat]
2025-07-06 15:00:13,659 INFO o.s.b.a.l.ConditionEvaluationReportLogger [main] 

Error starting ApplicationContext. To display the condition evaluation report re-run your application with 'debug' enabled.
2025-07-06 15:00:13,681 ERROR o.s.b.d.LoggingFailureAnalysisReporter [main] 

***************************
APPLICATION FAILED TO START
***************************

Description:

Parameter 0 of constructor in com.bieliaiev.search_bot.service.SearchService required a bean of type 'org.springframework.web.client.RestTemplate' that could not be found.


Action:

Consider defining a bean of type 'org.springframework.web.client.RestTemplate' in your configuration.

2025-07-06 15:03:18,163 INFO o.h.v.i.u.Version [background-preinit] HV000001: Hibernate Validator 8.0.2.Final
2025-07-06 15:03:18,247 INFO o.s.b.StartupInfoLogger [main] Starting SearchBotApplication using Java 17.0.9 with PID 2944 (C:\workspace\nearby-search-bot\target\classes started by user in C:\workspace\nearby-search-bot)
2025-07-06 15:03:18,248 INFO o.s.b.SpringApplication [main] No active profile set, falling back to 1 default profile: "default"
2025-07-06 15:03:19,327 INFO o.s.b.w.e.t.TomcatWebServer [main] Tomcat initialized with port 8080 (http)
2025-07-06 15:03:19,337 INFO o.a.j.l.DirectJDKLog [main] Initializing ProtocolHandler ["http-nio-8080"]
2025-07-06 15:03:19,339 INFO o.a.j.l.DirectJDKLog [main] Starting service [Tomcat]
2025-07-06 15:03:19,339 INFO o.a.j.l.DirectJDKLog [main] Starting Servlet engine: [Apache Tomcat/10.1.42]
2025-07-06 15:03:19,414 INFO o.a.j.l.DirectJDKLog [main] Initializing Spring embedded WebApplicationContext
2025-07-06 15:03:19,415 INFO o.s.b.w.s.c.ServletWebServerApplicationContext [main] Root WebApplicationContext: initialization completed in 1121 ms
2025-07-06 15:03:19,823 INFO o.a.j.l.DirectJDKLog [main] Starting ProtocolHandler ["http-nio-8080"]
2025-07-06 15:03:19,864 INFO o.s.b.w.e.t.TomcatWebServer [main] Tomcat started on port 8080 (http) with context path '/'
2025-07-06 15:03:19,872 INFO o.s.b.StartupInfoLogger [main] Started SearchBotApplication in 2.232 seconds (process running for 2.646)
2025-07-07 13:29:34,924 INFO o.h.v.i.u.Version [background-preinit] HV000001: Hibernate Validator 8.0.2.Final
2025-07-07 13:29:34,995 INFO o.s.b.StartupInfoLogger [main] Starting SearchBotApplication using Java 17.0.9 with PID 5228 (C:\workspace\nearby-search-bot\target\classes started by user in C:\workspace\nearby-search-bot)
2025-07-07 13:29:34,996 INFO o.s.b.SpringApplication [main] No active profile set, falling back to 1 default profile: "default"
2025-07-07 13:29:36,188 INFO o.s.b.w.e.t.TomcatWebServer [main] Tomcat initialized with port 8080 (http)
2025-07-07 13:29:36,202 INFO o.a.j.l.DirectJDKLog [main] Initializing ProtocolHandler ["http-nio-8080"]
2025-07-07 13:29:36,204 INFO o.a.j.l.DirectJDKLog [main] Starting service [Tomcat]
2025-07-07 13:29:36,205 INFO o.a.j.l.DirectJDKLog [main] Starting Servlet engine: [Apache Tomcat/10.1.42]
2025-07-07 13:29:36,290 INFO o.a.j.l.DirectJDKLog [main] Initializing Spring embedded WebApplicationContext
2025-07-07 13:29:36,290 INFO o.s.b.w.s.c.ServletWebServerApplicationContext [main] Root WebApplicationContext: initialization completed in 1250 ms
2025-07-07 13:29:36,700 INFO o.a.j.l.DirectJDKLog [main] Starting ProtocolHandler ["http-nio-8080"]
2025-07-07 13:29:36,725 INFO o.s.b.w.e.t.TomcatWebServer [main] Tomcat started on port 8080 (http) with context path '/'
2025-07-07 13:29:36,733 INFO o.s.b.StartupInfoLogger [main] Started SearchBotApplication in 2.352 seconds (process running for 2.769)
2025-07-07 18:38:16,051 INFO o.h.v.i.u.Version [background-preinit] HV000001: Hibernate Validator 8.0.2.Final
2025-07-07 18:38:16,118 INFO o.s.b.StartupInfoLogger [main] Starting SearchBotApplication using Java 17.0.9 with PID 400 (C:\workspace\nearby-search-bot\target\classes started by user in C:\workspace\nearby-search-bot)
2025-07-07 18:38:16,119 INFO o.s.b.SpringApplication [main] No active profile set, falling back to 1 default profile: "default"
2025-07-07 18:38:17,490 INFO o.s.b.w.e.t.TomcatWebServer [main] Tomcat initialized with port 8080 (http)
2025-07-07 18:38:17,503 INFO o.a.j.l.DirectJDKLog [main] Initializing ProtocolHandler ["http-nio-8080"]
2025-07-07 18:38:17,505 INFO o.a.j.l.DirectJDKLog [main] Starting service [Tomcat]
2025-07-07 18:38:17,505 INFO o.a.j.l.DirectJDKLog [main] Starting Servlet engine: [Apache Tomcat/10.1.42]
2025-07-07 18:38:17,594 INFO o.a.j.l.DirectJDKLog [main] Initializing Spring embedded WebApplicationContext
2025-07-07 18:38:17,594 INFO o.s.b.w.s.c.ServletWebServerApplicationContext [main] Root WebApplicationContext: initialization completed in 1429 ms
2025-07-07 18:38:18,025 INFO o.a.j.l.DirectJDKLog [main] Starting ProtocolHandler ["http-nio-8080"]
2025-07-07 18:38:18,049 INFO o.s.b.w.e.t.TomcatWebServer [main] Tomcat started on port 8080 (http) with context path '/'
2025-07-07 18:38:18,056 INFO o.s.b.StartupInfoLogger [main] Started SearchBotApplication in 2.699 seconds (process running for 3.319)
2025-07-07 18:59:35,102 INFO o.a.j.l.DirectJDKLog [http-nio-8080-exec-1] Initializing Spring DispatcherServlet 'dispatcherServlet'
2025-07-07 18:59:35,103 INFO o.s.w.s.FrameworkServlet [http-nio-8080-exec-1] Initializing Servlet 'dispatcherServlet'
2025-07-07 18:59:35,103 INFO o.s.w.s.FrameworkServlet [http-nio-8080-exec-1] Completed initialization in 0 ms
2025-07-07 19:00:37,124 ERROR c.b.s.s.SearchService [http-nio-8080-exec-3] Failed to search nearby
java.lang.IllegalArgumentException: Not enough variable values available to expand 'GOOGLE_PLACES_API_KEY'
	at org.springframework.web.util.UriComponents$VarArgsTemplateVariables.getValue(UriComponents.java:370)
	at org.springframework.web.util.HierarchicalUriComponents$QueryUriTemplateVariables.getValue(HierarchicalUriComponents.java:1098)
	at org.springframework.web.util.UriComponents.expandUriComponent(UriComponents.java:263)
	at org.springframework.web.util.HierarchicalUriComponents.lambda$expandQueryParams$6(HierarchicalUriComponents.java:456)
	at org.springframework.util.UnmodifiableMultiValueMap.lambda$forEach$0(UnmodifiableMultiValueMap.java:115)
	at java.base/java.util.LinkedHashMap.forEach(LinkedHashMap.java:721)
	at org.springframework.util.MultiValueMapAdapter.forEach(MultiValueMapAdapter.java:179)
	at org.springframework.util.UnmodifiableMultiValueMap.forEach(UnmodifiableMultiValueMap.java:115)
	at org.springframework.web.util.HierarchicalUriComponents.expandQueryParams(HierarchicalUriComponents.java:452)
	at org.springframework.web.util.HierarchicalUriComponents.expandInternal(HierarchicalUriComponents.java:441)
	at org.springframework.web.util.HierarchicalUriComponents.expandInternal(HierarchicalUriComponents.java:53)
	at org.springframework.web.util.UriComponents.expand(UriComponents.java:172)
	at org.springframework.web.util.DefaultUriBuilderFactory$DefaultUriBuilder.build(DefaultUriBuilderFactory.java:459)
	at org.springframework.web.util.DefaultUriBuilderFactory.expand(DefaultUriBuilderFactory.java:204)
	at org.springframework.web.client.RestTemplate.execute(RestTemplate.java:800)
	at org.springframework.web.client.RestTemplate.getForObject(RestTemplate.java:415)
	at com.bieliaiev.search_bot.service.SearchService.searchNearby(SearchService.java:98)
	at com.bieliaiev.search_bot.service.SearchService.handleLocationMessage(SearchService.java:85)
	at com.bieliaiev.search_bot.bot.SearchBot.onWebhookUpdateReceived(SearchBot.java:59)
	at com.bieliaiev.search_bot.controller.WebhookController.onUpdateReceived(WebhookController.java:25)
	at java.base/jdk.internal.reflect.NativeMethodAccessorImpl.invoke0(Native Method)
	at java.base/jdk.internal.reflect.NativeMethodAccessorImpl.invoke(NativeMethodAccessorImpl.java:77)
	at java.base/jdk.internal.reflect.DelegatingMethodAccessorImpl.invoke(DelegatingMethodAccessorImpl.java:43)
	at java.base/java.lang.reflect.Method.invoke(Method.java:568)
	at org.springframework.web.method.support.InvocableHandlerMethod.doInvoke(InvocableHandlerMethod.java:258)
	at org.springframework.web.method.support.InvocableHandlerMethod.invokeForRequest(InvocableHandlerMethod.java:191)
	at org.springframework.web.servlet.mvc.method.annotation.ServletInvocableHandlerMethod.invokeAndHandle(ServletInvocableHandlerMethod.java:118)
	at org.springframework.web.servlet.mvc.method.annotation.RequestMappingHandlerAdapter.invokeHandlerMethod(RequestMappingHandlerAdapter.java:986)
	at org.springframework.web.servlet.mvc.method.annotation.RequestMappingHandlerAdapter.handleInternal(RequestMappingHandlerAdapter.java:891)
	at org.springframework.web.servlet.mvc.method.AbstractHandlerMethodAdapter.handle(AbstractHandlerMethodAdapter.java:87)
	at org.springframework.web.servlet.DispatcherServlet.doDispatch(DispatcherServlet.java:1089)
	at org.springframework.web.servlet.DispatcherServlet.doService(DispatcherServlet.java:979)
	at org.springframework.web.servlet.FrameworkServlet.processRequest(FrameworkServlet.java:1014)
	at org.springframework.web.servlet.FrameworkServlet.doPost(FrameworkServlet.java:914)
	at jakarta.servlet.http.HttpServlet.service(HttpServlet.java:590)
	at org.springframework.web.servlet.FrameworkServlet.service(FrameworkServlet.java:885)
	at jakarta.servlet.http.HttpServlet.service(HttpServlet.java:658)
	at org.apache.catalina.core.ApplicationFilterChain.internalDoFilter(ApplicationFilterChain.java:195)
	at org.apache.catalina.core.ApplicationFilterChain.doFilter(ApplicationFilterChain.java:140)
	at org.apache.tomcat.websocket.server.WsFilter.doFilter(WsFilter.java:51)
	at org.apache.catalina.core.ApplicationFilterChain.internalDoFilter(ApplicationFilterChain.java:164)
	at org.apache.catalina.core.ApplicationFilterChain.doFilter(ApplicationFilterChain.java:140)
	at org.springframework.web.filter.RequestContextFilter.doFilterInternal(RequestContextFilter.java:100)
	at org.springframework.web.filter.OncePerRequestFilter.doFilter(OncePerRequestFilter.java:116)
	at org.apache.catalina.core.ApplicationFilterChain.internalDoFilter(ApplicationFilterChain.java:164)
	at org.apache.catalina.core.ApplicationFilterChain.doFilter(ApplicationFilterChain.java:140)
	at org.springframework.web.filter.FormContentFilter.doFilterInternal(FormContentFilter.java:93)
	at org.springframework.web.filter.OncePerRequestFilter.doFilter(OncePerRequestFilter.java:116)
	at org.apache.catalina.core.ApplicationFilterChain.internalDoFilter(ApplicationFilterChain.java:164)
	at org.apache.catalina.core.ApplicationFilterChain.doFilter(ApplicationFilterChain.java:140)
	at org.springframework.web.filter.CharacterEncodingFilter.doFilterInternal(CharacterEncodingFilter.java:201)
	at org.springframework.web.filter.OncePerRequestFilter.doFilter(OncePerRequestFilter.java:116)
	at org.apache.catalina.core.ApplicationFilterChain.internalDoFilter(ApplicationFilterChain.java:164)
	at org.apache.catalina.core.ApplicationFilterChain.doFilter(ApplicationFilterChain.java:140)
	at org.apache.catalina.core.StandardWrapperValve.invoke(StandardWrapperValve.java:167)
	at org.apache.catalina.core.StandardContextValve.invoke(StandardContextValve.java:90)
	at org.apache.catalina.authenticator.AuthenticatorBase.invoke(AuthenticatorBase.java:483)
	at org.apache.catalina.core.StandardHostValve.invoke(StandardHostValve.java:116)
	at org.apache.catalina.valves.ErrorReportValve.invoke(ErrorReportValve.java:93)
	at org.apache.catalina.core.StandardEngineValve.invoke(StandardEngineValve.java:74)
	at org.apache.catalina.connector.CoyoteAdapter.service(CoyoteAdapter.java:344)
	at org.apache.coyote.http11.Http11Processor.service(Http11Processor.java:398)
	at org.apache.coyote.AbstractProcessorLight.process(AbstractProcessorLight.java:63)
	at org.apache.coyote.AbstractProtocol$ConnectionHandler.process(AbstractProtocol.java:903)
	at org.apache.tomcat.util.net.NioEndpoint$SocketProcessor.doRun(NioEndpoint.java:1769)
	at org.apache.tomcat.util.net.SocketProcessorBase.run(SocketProcessorBase.java:52)
	at org.apache.tomcat.util.threads.ThreadPoolExecutor.runWorker(ThreadPoolExecutor.java:1189)
	at org.apache.tomcat.util.threads.ThreadPoolExecutor$Worker.run(ThreadPoolExecutor.java:658)
	at org.apache.tomcat.util.threads.TaskThread$WrappingRunnable.run(TaskThread.java:63)
	at java.base/java.lang.Thread.run(Thread.java:840)
2025-07-07 19:18:13,216 INFO o.h.v.i.u.Version [background-preinit] HV000001: Hibernate Validator 8.0.2.Final
2025-07-07 19:18:13,318 INFO o.s.b.StartupInfoLogger [main] Starting SearchBotApplication using Java 17.0.9 with PID 8716 (C:\workspace\nearby-search-bot\target\classes started by user in C:\workspace\nearby-search-bot)
2025-07-07 19:18:13,320 INFO o.s.b.SpringApplication [main] No active profile set, falling back to 1 default profile: "default"
2025-07-07 19:18:14,467 INFO o.s.b.w.e.t.TomcatWebServer [main] Tomcat initialized with port 8080 (http)
2025-07-07 19:18:14,477 INFO o.a.j.l.DirectJDKLog [main] Initializing ProtocolHandler ["http-nio-8080"]
2025-07-07 19:18:14,479 INFO o.a.j.l.DirectJDKLog [main] Starting service [Tomcat]
2025-07-07 19:18:14,480 INFO o.a.j.l.DirectJDKLog [main] Starting Servlet engine: [Apache Tomcat/10.1.42]
2025-07-07 19:18:14,559 INFO o.a.j.l.DirectJDKLog [main] Initializing Spring embedded WebApplicationContext
2025-07-07 19:18:14,559 INFO o.s.b.w.s.c.ServletWebServerApplicationContext [main] Root WebApplicationContext: initialization completed in 1190 ms
2025-07-07 19:18:14,961 INFO o.a.j.l.DirectJDKLog [main] Starting ProtocolHandler ["http-nio-8080"]
2025-07-07 19:18:14,990 INFO o.s.b.w.e.t.TomcatWebServer [main] Tomcat started on port 8080 (http) with context path '/'
2025-07-07 19:18:14,999 INFO o.s.b.StartupInfoLogger [main] Started SearchBotApplication in 2.294 seconds (process running for 2.697)
2025-07-07 19:19:40,364 INFO o.a.j.l.DirectJDKLog [http-nio-8080-exec-1] Initializing Spring DispatcherServlet 'dispatcherServlet'
2025-07-07 19:19:40,364 INFO o.s.w.s.FrameworkServlet [http-nio-8080-exec-1] Initializing Servlet 'dispatcherServlet'
2025-07-07 19:19:40,365 INFO o.s.w.s.FrameworkServlet [http-nio-8080-exec-1] Completed initialization in 1 ms
2025-07-08 11:00:26,121 INFO o.h.v.i.u.Version [background-preinit] HV000001: Hibernate Validator 8.0.2.Final
2025-07-08 11:00:26,230 INFO o.s.b.StartupInfoLogger [main] Starting SearchBotApplication using Java 17.0.9 with PID 1048 (C:\workspace\nearby-search-bot\target\classes started by user in C:\workspace\nearby-search-bot)
2025-07-08 11:00:26,231 INFO o.s.b.SpringApplication [main] No active profile set, falling back to 1 default profile: "default"
2025-07-08 11:00:27,375 INFO o.s.b.w.e.t.TomcatWebServer [main] Tomcat initialized with port 8080 (http)
2025-07-08 11:00:27,387 INFO o.a.j.l.DirectJDKLog [main] Initializing ProtocolHandler ["http-nio-8080"]
2025-07-08 11:00:27,390 INFO o.a.j.l.DirectJDKLog [main] Starting service [Tomcat]
2025-07-08 11:00:27,390 INFO o.a.j.l.DirectJDKLog [main] Starting Servlet engine: [Apache Tomcat/10.1.42]
2025-07-08 11:00:27,474 INFO o.a.j.l.DirectJDKLog [main] Initializing Spring embedded WebApplicationContext
2025-07-08 11:00:27,474 INFO o.s.b.w.s.c.ServletWebServerApplicationContext [main] Root WebApplicationContext: initialization completed in 1192 ms
2025-07-08 11:00:27,875 INFO o.a.j.l.DirectJDKLog [main] Starting ProtocolHandler ["http-nio-8080"]
2025-07-08 11:00:27,899 INFO o.s.b.w.e.t.TomcatWebServer [main] Tomcat started on port 8080 (http) with context path '/'
2025-07-08 11:00:27,906 INFO o.s.b.StartupInfoLogger [main] Started SearchBotApplication in 2.364 seconds (process running for 2.791)
2025-07-08 11:01:12,450 INFO o.a.j.l.DirectJDKLog [http-nio-8080-exec-1] Initializing Spring DispatcherServlet 'dispatcherServlet'
2025-07-08 11:01:12,451 INFO o.s.w.s.FrameworkServlet [http-nio-8080-exec-1] Initializing Servlet 'dispatcherServlet'
2025-07-08 11:01:12,451 INFO o.s.w.s.FrameworkServlet [http-nio-8080-exec-1] Completed initialization in 0 ms
2025-07-09 13:43:04,510 INFO o.h.v.i.u.Version [background-preinit] HV000001: Hibernate Validator 8.0.2.Final
2025-07-09 13:43:04,585 INFO o.s.b.StartupInfoLogger [main] Starting SearchBotApplication using Java 17.0.9 with PID 14132 (C:\workspace\nearby-search-bot\target\classes started by user in C:\workspace\nearby-search-bot)
2025-07-09 13:43:04,586 INFO o.s.b.SpringApplication [main] No active profile set, falling back to 1 default profile: "default"
2025-07-09 13:43:05,735 INFO o.s.b.w.e.t.TomcatWebServer [main] Tomcat initialized with port 8080 (http)
2025-07-09 13:43:05,747 INFO o.a.j.l.DirectJDKLog [main] Initializing ProtocolHandler ["http-nio-8080"]
2025-07-09 13:43:05,749 INFO o.a.j.l.DirectJDKLog [main] Starting service [Tomcat]
2025-07-09 13:43:05,750 INFO o.a.j.l.DirectJDKLog [main] Starting Servlet engine: [Apache Tomcat/10.1.42]
2025-07-09 13:43:05,845 INFO o.a.j.l.DirectJDKLog [main] Initializing Spring embedded WebApplicationContext
2025-07-09 13:43:05,845 INFO o.s.b.w.s.c.ServletWebServerApplicationContext [main] Root WebApplicationContext: initialization completed in 1210 ms
2025-07-09 13:43:06,254 INFO o.a.j.l.DirectJDKLog [main] Starting ProtocolHandler ["http-nio-8080"]
2025-07-09 13:43:06,299 INFO o.s.b.w.e.t.TomcatWebServer [main] Tomcat started on port 8080 (http) with context path '/'
2025-07-09 13:43:06,308 INFO o.s.b.StartupInfoLogger [main] Started SearchBotApplication in 2.371 seconds (process running for 2.952)
2025-07-09 15:31:04,512 INFO o.h.v.i.u.Version [background-preinit] HV000001: Hibernate Validator 8.0.2.Final
2025-07-09 15:31:04,599 INFO o.s.b.StartupInfoLogger [main] Starting SearchBotApplication using Java 17.0.9 with PID 11904 (C:\workspace\nearby-search-bot\target\classes started by user in C:\workspace\nearby-search-bot)
2025-07-09 15:31:04,601 INFO o.s.b.SpringApplication [main] No active profile set, falling back to 1 default profile: "default"
2025-07-09 15:31:05,642 INFO o.s.b.w.e.t.TomcatWebServer [main] Tomcat initialized with port 8080 (http)
2025-07-09 15:31:05,652 INFO o.a.j.l.DirectJDKLog [main] Initializing ProtocolHandler ["http-nio-8080"]
2025-07-09 15:31:05,654 INFO o.a.j.l.DirectJDKLog [main] Starting service [Tomcat]
2025-07-09 15:31:05,654 INFO o.a.j.l.DirectJDKLog [main] Starting Servlet engine: [Apache Tomcat/10.1.42]
2025-07-09 15:31:05,737 INFO o.a.j.l.DirectJDKLog [main] Initializing Spring embedded WebApplicationContext
2025-07-09 15:31:05,738 INFO o.s.b.w.s.c.ServletWebServerApplicationContext [main] Root WebApplicationContext: initialization completed in 1082 ms
2025-07-09 15:31:06,146 INFO o.a.j.l.DirectJDKLog [main] Starting ProtocolHandler ["http-nio-8080"]
2025-07-09 15:31:06,180 INFO o.s.b.w.e.t.TomcatWebServer [main] Tomcat started on port 8080 (http) with context path '/'
2025-07-09 15:31:06,189 INFO o.s.b.StartupInfoLogger [main] Started SearchBotApplication in 2.202 seconds (process running for 2.63)
2025-07-09 15:32:10,732 INFO o.a.j.l.DirectJDKLog [http-nio-8080-exec-1] Initializing Spring DispatcherServlet 'dispatcherServlet'
2025-07-09 15:32:10,732 INFO o.s.w.s.FrameworkServlet [http-nio-8080-exec-1] Initializing Servlet 'dispatcherServlet'
2025-07-09 15:32:10,733 INFO o.s.w.s.FrameworkServlet [http-nio-8080-exec-1] Completed initialization in 1 ms
2025-07-09 15:51:41,030 INFO o.h.v.i.u.Version [background-preinit] HV000001: Hibernate Validator 8.0.2.Final
2025-07-09 15:51:41,115 INFO o.s.b.StartupInfoLogger [main] Starting SearchBotApplication using Java 17.0.9 with PID 15040 (C:\workspace\nearby-search-bot\target\classes started by user in C:\workspace\nearby-search-bot)
2025-07-09 15:51:41,116 INFO o.s.b.SpringApplication [main] No active profile set, falling back to 1 default profile: "default"
2025-07-09 15:51:42,252 INFO o.s.b.w.e.t.TomcatWebServer [main] Tomcat initialized with port 8080 (http)
2025-07-09 15:51:42,262 INFO o.a.j.l.DirectJDKLog [main] Initializing ProtocolHandler ["http-nio-8080"]
2025-07-09 15:51:42,264 INFO o.a.j.l.DirectJDKLog [main] Starting service [Tomcat]
2025-07-09 15:51:42,265 INFO o.a.j.l.DirectJDKLog [main] Starting Servlet engine: [Apache Tomcat/10.1.42]
2025-07-09 15:51:42,347 INFO o.a.j.l.DirectJDKLog [main] Initializing Spring embedded WebApplicationContext
2025-07-09 15:51:42,347 INFO o.s.b.w.s.c.ServletWebServerApplicationContext [main] Root WebApplicationContext: initialization completed in 1172 ms
2025-07-09 15:51:42,759 INFO o.a.j.l.DirectJDKLog [main] Starting ProtocolHandler ["http-nio-8080"]
2025-07-09 15:51:42,789 INFO o.s.b.w.e.t.TomcatWebServer [main] Tomcat started on port 8080 (http) with context path '/'
2025-07-09 15:51:42,798 INFO o.s.b.StartupInfoLogger [main] Started SearchBotApplication in 2.29 seconds (process running for 2.72)
2025-07-09 15:52:06,048 INFO o.a.j.l.DirectJDKLog [http-nio-8080-exec-1] Initializing Spring DispatcherServlet 'dispatcherServlet'
2025-07-09 15:52:06,048 INFO o.s.w.s.FrameworkServlet [http-nio-8080-exec-1] Initializing Servlet 'dispatcherServlet'
2025-07-09 15:52:06,049 INFO o.s.w.s.FrameworkServlet [http-nio-8080-exec-1] Completed initialization in 1 ms
2025-07-09 15:53:42,631 INFO o.h.v.i.u.Version [background-preinit] HV000001: Hibernate Validator 8.0.2.Final
2025-07-09 15:53:42,725 INFO o.s.b.StartupInfoLogger [main] Starting SearchBotApplication using Java 17.0.9 with PID 9048 (C:\workspace\nearby-search-bot\target\classes started by user in C:\workspace\nearby-search-bot)
2025-07-09 15:53:42,728 INFO o.s.b.SpringApplication [main] No active profile set, falling back to 1 default profile: "default"
2025-07-09 15:53:43,797 INFO o.s.b.w.e.t.TomcatWebServer [main] Tomcat initialized with port 8080 (http)
2025-07-09 15:53:43,807 INFO o.a.j.l.DirectJDKLog [main] Initializing ProtocolHandler ["http-nio-8080"]
2025-07-09 15:53:43,809 INFO o.a.j.l.DirectJDKLog [main] Starting service [Tomcat]
2025-07-09 15:53:43,810 INFO o.a.j.l.DirectJDKLog [main] Starting Servlet engine: [Apache Tomcat/10.1.42]
2025-07-09 15:53:43,890 INFO o.a.j.l.DirectJDKLog [main] Initializing Spring embedded WebApplicationContext
2025-07-09 15:53:43,891 INFO o.s.b.w.s.c.ServletWebServerApplicationContext [main] Root WebApplicationContext: initialization completed in 1116 ms
2025-07-09 15:53:44,293 INFO o.a.j.l.DirectJDKLog [main] Starting ProtocolHandler ["http-nio-8080"]
2025-07-09 15:53:44,327 INFO o.s.b.w.e.t.TomcatWebServer [main] Tomcat started on port 8080 (http) with context path '/'
2025-07-09 15:53:44,336 INFO o.s.b.StartupInfoLogger [main] Started SearchBotApplication in 2.223 seconds (process running for 2.653)
2025-07-09 15:53:59,506 INFO o.a.j.l.DirectJDKLog [http-nio-8080-exec-1] Initializing Spring DispatcherServlet 'dispatcherServlet'
2025-07-09 15:53:59,507 INFO o.s.w.s.FrameworkServlet [http-nio-8080-exec-1] Initializing Servlet 'dispatcherServlet'
2025-07-09 15:53:59,507 INFO o.s.w.s.FrameworkServlet [http-nio-8080-exec-1] Completed initialization in 0 ms
2025-07-09 16:37:49,247 INFO o.h.v.i.u.Version [background-preinit] HV000001: Hibernate Validator 8.0.2.Final
2025-07-09 16:37:49,345 INFO o.s.b.StartupInfoLogger [main] Starting SearchBotApplication using Java 17.0.9 with PID 3764 (C:\workspace\nearby-search-bot\target\classes started by user in C:\workspace\nearby-search-bot)
2025-07-09 16:37:49,346 INFO o.s.b.SpringApplication [main] No active profile set, falling back to 1 default profile: "default"
2025-07-09 16:37:50,429 INFO o.s.b.w.e.t.TomcatWebServer [main] Tomcat initialized with port 8080 (http)
2025-07-09 16:37:50,439 INFO o.a.j.l.DirectJDKLog [main] Initializing ProtocolHandler ["http-nio-8080"]
2025-07-09 16:37:50,442 INFO o.a.j.l.DirectJDKLog [main] Starting service [Tomcat]
2025-07-09 16:37:50,442 INFO o.a.j.l.DirectJDKLog [main] Starting Servlet engine: [Apache Tomcat/10.1.42]
2025-07-09 16:37:50,526 INFO o.a.j.l.DirectJDKLog [main] Initializing Spring embedded WebApplicationContext
2025-07-09 16:37:50,526 INFO o.s.b.w.s.c.ServletWebServerApplicationContext [main] Root WebApplicationContext: initialization completed in 1136 ms
2025-07-09 16:37:50,949 INFO o.a.j.l.DirectJDKLog [main] Starting ProtocolHandler ["http-nio-8080"]
2025-07-09 16:37:50,989 INFO o.s.b.w.e.t.TomcatWebServer [main] Tomcat started on port 8080 (http) with context path '/'
2025-07-09 16:37:50,997 INFO o.s.b.StartupInfoLogger [main] Started SearchBotApplication in 2.27 seconds (process running for 2.698)
2025-07-09 16:38:10,641 INFO o.a.j.l.DirectJDKLog [http-nio-8080-exec-1] Initializing Spring DispatcherServlet 'dispatcherServlet'
2025-07-09 16:38:10,641 INFO o.s.w.s.FrameworkServlet [http-nio-8080-exec-1] Initializing Servlet 'dispatcherServlet'
2025-07-09 16:38:10,642 INFO o.s.w.s.FrameworkServlet [http-nio-8080-exec-1] Completed initialization in 1 ms
2025-07-09 16:38:56,407 WARN c.b.s.s.SearchService [http-nio-8080-exec-4] Search nearby returned status: ZERO_RESULTS
2025-07-11 11:05:37,451 INFO o.h.v.i.u.Version [background-preinit] HV000001: Hibernate Validator 8.0.2.Final
2025-07-11 11:05:37,614 INFO o.s.b.StartupInfoLogger [main] Starting SearchBotApplication using Java 17.0.9 with PID 5240 (C:\workspace\nearby-search-bot\target\classes started by user in C:\workspace\nearby-search-bot)
2025-07-11 11:05:37,616 INFO o.s.b.SpringApplication [main] No active profile set, falling back to 1 default profile: "default"
2025-07-11 11:05:38,740 INFO o.s.b.w.e.t.TomcatWebServer [main] Tomcat initialized with port 8080 (http)
2025-07-11 11:05:38,754 INFO o.a.j.l.DirectJDKLog [main] Initializing ProtocolHandler ["http-nio-8080"]
2025-07-11 11:05:38,756 INFO o.a.j.l.DirectJDKLog [main] Starting service [Tomcat]
2025-07-11 11:05:38,757 INFO o.a.j.l.DirectJDKLog [main] Starting Servlet engine: [Apache Tomcat/10.1.42]
2025-07-11 11:05:38,848 INFO o.a.j.l.DirectJDKLog [main] Initializing Spring embedded WebApplicationContext
2025-07-11 11:05:38,848 INFO o.s.b.w.s.c.ServletWebServerApplicationContext [main] Root WebApplicationContext: initialization completed in 1186 ms
2025-07-11 11:05:39,285 INFO o.a.j.l.DirectJDKLog [main] Starting ProtocolHandler ["http-nio-8080"]
2025-07-11 11:05:39,313 INFO o.s.b.w.e.t.TomcatWebServer [main] Tomcat started on port 8080 (http) with context path '/'
2025-07-11 11:05:39,320 INFO o.s.b.StartupInfoLogger [main] Started SearchBotApplication in 2.458 seconds (process running for 3.05)
2025-07-11 11:06:18,691 INFO o.a.j.l.DirectJDKLog [http-nio-8080-exec-1] Initializing Spring DispatcherServlet 'dispatcherServlet'
2025-07-11 11:06:18,691 INFO o.s.w.s.FrameworkServlet [http-nio-8080-exec-1] Initializing Servlet 'dispatcherServlet'
2025-07-11 11:06:18,692 INFO o.s.w.s.FrameworkServlet [http-nio-8080-exec-1] Completed initialization in 1 ms
2025-07-11 11:06:18,903 ERROR o.a.j.l.DirectJDKLog [http-nio-8080-exec-1] Servlet.service() for servlet [dispatcherServlet] in context with path [] threw exception [Request processing failed: java.lang.NullPointerException: Cannot invoke "java.util.Map.get(Object)" because the return value of "com.bieliaiev.search_bot.config.AppConfig.getLanguages()" is null] with root cause
java.lang.NullPointerException: Cannot invoke "java.util.Map.get(Object)" because the return value of "com.bieliaiev.search_bot.config.AppConfig.getLanguages()" is null
	at com.bieliaiev.search_bot.service.AppService.getLanguage(AppService.java:26)
	at com.bieliaiev.search_bot.bot.SearchBot.onWebhookUpdateReceived(SearchBot.java:60)
	at com.bieliaiev.search_bot.controller.WebhookController.onUpdateReceived(WebhookController.java:25)
	at java.base/jdk.internal.reflect.NativeMethodAccessorImpl.invoke0(Native Method)
	at java.base/jdk.internal.reflect.NativeMethodAccessorImpl.invoke(NativeMethodAccessorImpl.java:77)
	at java.base/jdk.internal.reflect.DelegatingMethodAccessorImpl.invoke(DelegatingMethodAccessorImpl.java:43)
	at java.base/java.lang.reflect.Method.invoke(Method.java:568)
	at org.springframework.web.method.support.InvocableHandlerMethod.doInvoke(InvocableHandlerMethod.java:258)
	at org.springframework.web.method.support.InvocableHandlerMethod.invokeForRequest(InvocableHandlerMethod.java:191)
	at org.springframework.web.servlet.mvc.method.annotation.ServletInvocableHandlerMethod.invokeAndHandle(ServletInvocableHandlerMethod.java:118)
	at org.springframework.web.servlet.mvc.method.annotation.RequestMappingHandlerAdapter.invokeHandlerMethod(RequestMappingHandlerAdapter.java:986)
	at org.springframework.web.servlet.mvc.method.annotation.RequestMappingHandlerAdapter.handleInternal(RequestMappingHandlerAdapter.java:891)
	at org.springframework.web.servlet.mvc.method.AbstractHandlerMethodAdapter.handle(AbstractHandlerMethodAdapter.java:87)
	at org.springframework.web.servlet.DispatcherServlet.doDispatch(DispatcherServlet.java:1089)
	at org.springframework.web.servlet.DispatcherServlet.doService(DispatcherServlet.java:979)
	at org.springframework.web.servlet.FrameworkServlet.processRequest(FrameworkServlet.java:1014)
	at org.springframework.web.servlet.FrameworkServlet.doPost(FrameworkServlet.java:914)
	at jakarta.servlet.http.HttpServlet.service(HttpServlet.java:590)
	at org.springframework.web.servlet.FrameworkServlet.service(FrameworkServlet.java:885)
	at jakarta.servlet.http.HttpServlet.service(HttpServlet.java:658)
	at org.apache.catalina.core.ApplicationFilterChain.internalDoFilter(ApplicationFilterChain.java:195)
	at org.apache.catalina.core.ApplicationFilterChain.doFilter(ApplicationFilterChain.java:140)
	at org.apache.tomcat.websocket.server.WsFilter.doFilter(WsFilter.java:51)
	at org.apache.catalina.core.ApplicationFilterChain.internalDoFilter(ApplicationFilterChain.java:164)
	at org.apache.catalina.core.ApplicationFilterChain.doFilter(ApplicationFilterChain.java:140)
	at org.springframework.web.filter.RequestContextFilter.doFilterInternal(RequestContextFilter.java:100)
	at org.springframework.web.filter.OncePerRequestFilter.doFilter(OncePerRequestFilter.java:116)
	at org.apache.catalina.core.ApplicationFilterChain.internalDoFilter(ApplicationFilterChain.java:164)
	at org.apache.catalina.core.ApplicationFilterChain.doFilter(ApplicationFilterChain.java:140)
	at org.springframework.web.filter.FormContentFilter.doFilterInternal(FormContentFilter.java:93)
	at org.springframework.web.filter.OncePerRequestFilter.doFilter(OncePerRequestFilter.java:116)
	at org.apache.catalina.core.ApplicationFilterChain.internalDoFilter(ApplicationFilterChain.java:164)
	at org.apache.catalina.core.ApplicationFilterChain.doFilter(ApplicationFilterChain.java:140)
	at org.springframework.web.filter.CharacterEncodingFilter.doFilterInternal(CharacterEncodingFilter.java:201)
	at org.springframework.web.filter.OncePerRequestFilter.doFilter(OncePerRequestFilter.java:116)
	at org.apache.catalina.core.ApplicationFilterChain.internalDoFilter(ApplicationFilterChain.java:164)
	at org.apache.catalina.core.ApplicationFilterChain.doFilter(ApplicationFilterChain.java:140)
	at org.apache.catalina.core.StandardWrapperValve.invoke(StandardWrapperValve.java:167)
	at org.apache.catalina.core.StandardContextValve.invoke(StandardContextValve.java:90)
	at org.apache.catalina.authenticator.AuthenticatorBase.invoke(AuthenticatorBase.java:483)
	at org.apache.catalina.core.StandardHostValve.invoke(StandardHostValve.java:116)
	at org.apache.catalina.valves.ErrorReportValve.invoke(ErrorReportValve.java:93)
	at org.apache.catalina.core.StandardEngineValve.invoke(StandardEngineValve.java:74)
	at org.apache.catalina.connector.CoyoteAdapter.service(CoyoteAdapter.java:344)
	at org.apache.coyote.http11.Http11Processor.service(Http11Processor.java:398)
	at org.apache.coyote.AbstractProcessorLight.process(AbstractProcessorLight.java:63)
	at org.apache.coyote.AbstractProtocol$ConnectionHandler.process(AbstractProtocol.java:903)
	at org.apache.tomcat.util.net.NioEndpoint$SocketProcessor.doRun(NioEndpoint.java:1769)
	at org.apache.tomcat.util.net.SocketProcessorBase.run(SocketProcessorBase.java:52)
	at org.apache.tomcat.util.threads.ThreadPoolExecutor.runWorker(ThreadPoolExecutor.java:1189)
	at org.apache.tomcat.util.threads.ThreadPoolExecutor$Worker.run(ThreadPoolExecutor.java:658)
	at org.apache.tomcat.util.threads.TaskThread$WrappingRunnable.run(TaskThread.java:63)
	at java.base/java.lang.Thread.run(Thread.java:840)
2025-07-11 11:06:18,987 ERROR o.a.j.l.DirectJDKLog [http-nio-8080-exec-2] Servlet.service() for servlet [dispatcherServlet] in context with path [] threw exception [Request processing failed: java.lang.NullPointerException: Cannot invoke "java.util.Map.get(Object)" because the return value of "com.bieliaiev.search_bot.config.AppConfig.getLanguages()" is null] with root cause
java.lang.NullPointerException: Cannot invoke "java.util.Map.get(Object)" because the return value of "com.bieliaiev.search_bot.config.AppConfig.getLanguages()" is null
	at com.bieliaiev.search_bot.service.AppService.getLanguage(AppService.java:26)
	at com.bieliaiev.search_bot.bot.SearchBot.onWebhookUpdateReceived(SearchBot.java:60)
	at com.bieliaiev.search_bot.controller.WebhookController.onUpdateReceived(WebhookController.java:25)
	at java.base/jdk.internal.reflect.NativeMethodAccessorImpl.invoke0(Native Method)
	at java.base/jdk.internal.reflect.NativeMethodAccessorImpl.invoke(NativeMethodAccessorImpl.java:77)
	at java.base/jdk.internal.reflect.DelegatingMethodAccessorImpl.invoke(DelegatingMethodAccessorImpl.java:43)
	at java.base/java.lang.reflect.Method.invoke(Method.java:568)
	at org.springframework.web.method.support.InvocableHandlerMethod.doInvoke(InvocableHandlerMethod.java:258)
	at org.springframework.web.method.support.InvocableHandlerMethod.invokeForRequest(InvocableHandlerMethod.java:191)
	at org.springframework.web.servlet.mvc.method.annotation.ServletInvocableHandlerMethod.invokeAndHandle(ServletInvocableHandlerMethod.java:118)
	at org.springframework.web.servlet.mvc.method.annotation.RequestMappingHandlerAdapter.invokeHandlerMethod(RequestMappingHandlerAdapter.java:986)
	at org.springframework.web.servlet.mvc.method.annotation.RequestMappingHandlerAdapter.handleInternal(RequestMappingHandlerAdapter.java:891)
	at org.springframework.web.servlet.mvc.method.AbstractHandlerMethodAdapter.handle(AbstractHandlerMethodAdapter.java:87)
	at org.springframework.web.servlet.DispatcherServlet.doDispatch(DispatcherServlet.java:1089)
	at org.springframework.web.servlet.DispatcherServlet.doService(DispatcherServlet.java:979)
	at org.springframework.web.servlet.FrameworkServlet.processRequest(FrameworkServlet.java:1014)
	at org.springframework.web.servlet.FrameworkServlet.doPost(FrameworkServlet.java:914)
	at jakarta.servlet.http.HttpServlet.service(HttpServlet.java:590)
	at org.springframework.web.servlet.FrameworkServlet.service(FrameworkServlet.java:885)
	at jakarta.servlet.http.HttpServlet.service(HttpServlet.java:658)
	at org.apache.catalina.core.ApplicationFilterChain.internalDoFilter(ApplicationFilterChain.java:195)
	at org.apache.catalina.core.ApplicationFilterChain.doFilter(ApplicationFilterChain.java:140)
	at org.apache.tomcat.websocket.server.WsFilter.doFilter(WsFilter.java:51)
	at org.apache.catalina.core.ApplicationFilterChain.internalDoFilter(ApplicationFilterChain.java:164)
	at org.apache.catalina.core.ApplicationFilterChain.doFilter(ApplicationFilterChain.java:140)
	at org.springframework.web.filter.RequestContextFilter.doFilterInternal(RequestContextFilter.java:100)
	at org.springframework.web.filter.OncePerRequestFilter.doFilter(OncePerRequestFilter.java:116)
	at org.apache.catalina.core.ApplicationFilterChain.internalDoFilter(ApplicationFilterChain.java:164)
	at org.apache.catalina.core.ApplicationFilterChain.doFilter(ApplicationFilterChain.java:140)
	at org.springframework.web.filter.FormContentFilter.doFilterInternal(FormContentFilter.java:93)
	at org.springframework.web.filter.OncePerRequestFilter.doFilter(OncePerRequestFilter.java:116)
	at org.apache.catalina.core.ApplicationFilterChain.internalDoFilter(ApplicationFilterChain.java:164)
	at org.apache.catalina.core.ApplicationFilterChain.doFilter(ApplicationFilterChain.java:140)
	at org.springframework.web.filter.CharacterEncodingFilter.doFilterInternal(CharacterEncodingFilter.java:201)
	at org.springframework.web.filter.OncePerRequestFilter.doFilter(OncePerRequestFilter.java:116)
	at org.apache.catalina.core.ApplicationFilterChain.internalDoFilter(ApplicationFilterChain.java:164)
	at org.apache.catalina.core.ApplicationFilterChain.doFilter(ApplicationFilterChain.java:140)
	at org.apache.catalina.core.StandardWrapperValve.invoke(StandardWrapperValve.java:167)
	at org.apache.catalina.core.StandardContextValve.invoke(StandardContextValve.java:90)
	at org.apache.catalina.authenticator.AuthenticatorBase.invoke(AuthenticatorBase.java:483)
	at org.apache.catalina.core.StandardHostValve.invoke(StandardHostValve.java:116)
	at org.apache.catalina.valves.ErrorReportValve.invoke(ErrorReportValve.java:93)
	at org.apache.catalina.core.StandardEngineValve.invoke(StandardEngineValve.java:74)
	at org.apache.catalina.connector.CoyoteAdapter.service(CoyoteAdapter.java:344)
	at org.apache.coyote.http11.Http11Processor.service(Http11Processor.java:398)
	at org.apache.coyote.AbstractProcessorLight.process(AbstractProcessorLight.java:63)
	at org.apache.coyote.AbstractProtocol$ConnectionHandler.process(AbstractProtocol.java:903)
	at org.apache.tomcat.util.net.NioEndpoint$SocketProcessor.doRun(NioEndpoint.java:1769)
	at org.apache.tomcat.util.net.SocketProcessorBase.run(SocketProcessorBase.java:52)
	at org.apache.tomcat.util.threads.ThreadPoolExecutor.runWorker(ThreadPoolExecutor.java:1189)
	at org.apache.tomcat.util.threads.ThreadPoolExecutor$Worker.run(ThreadPoolExecutor.java:658)
	at org.apache.tomcat.util.threads.TaskThread$WrappingRunnable.run(TaskThread.java:63)
	at java.base/java.lang.Thread.run(Thread.java:840)
2025-07-11 11:06:21,041 ERROR o.a.j.l.DirectJDKLog [http-nio-8080-exec-3] Servlet.service() for servlet [dispatcherServlet] in context with path [] threw exception [Request processing failed: java.lang.NullPointerException: Cannot invoke "java.util.Map.get(Object)" because the return value of "com.bieliaiev.search_bot.config.AppConfig.getLanguages()" is null] with root cause
java.lang.NullPointerException: Cannot invoke "java.util.Map.get(Object)" because the return value of "com.bieliaiev.search_bot.config.AppConfig.getLanguages()" is null
	at com.bieliaiev.search_bot.service.AppService.getLanguage(AppService.java:26)
	at com.bieliaiev.search_bot.bot.SearchBot.onWebhookUpdateReceived(SearchBot.java:60)
	at com.bieliaiev.search_bot.controller.WebhookController.onUpdateReceived(WebhookController.java:25)
	at java.base/jdk.internal.reflect.NativeMethodAccessorImpl.invoke0(Native Method)
	at java.base/jdk.internal.reflect.NativeMethodAccessorImpl.invoke(NativeMethodAccessorImpl.java:77)
	at java.base/jdk.internal.reflect.DelegatingMethodAccessorImpl.invoke(DelegatingMethodAccessorImpl.java:43)
	at java.base/java.lang.reflect.Method.invoke(Method.java:568)
	at org.springframework.web.method.support.InvocableHandlerMethod.doInvoke(InvocableHandlerMethod.java:258)
	at org.springframework.web.method.support.InvocableHandlerMethod.invokeForRequest(InvocableHandlerMethod.java:191)
	at org.springframework.web.servlet.mvc.method.annotation.ServletInvocableHandlerMethod.invokeAndHandle(ServletInvocableHandlerMethod.java:118)
	at org.springframework.web.servlet.mvc.method.annotation.RequestMappingHandlerAdapter.invokeHandlerMethod(RequestMappingHandlerAdapter.java:986)
	at org.springframework.web.servlet.mvc.method.annotation.RequestMappingHandlerAdapter.handleInternal(RequestMappingHandlerAdapter.java:891)
	at org.springframework.web.servlet.mvc.method.AbstractHandlerMethodAdapter.handle(AbstractHandlerMethodAdapter.java:87)
	at org.springframework.web.servlet.DispatcherServlet.doDispatch(DispatcherServlet.java:1089)
	at org.springframework.web.servlet.DispatcherServlet.doService(DispatcherServlet.java:979)
	at org.springframework.web.servlet.FrameworkServlet.processRequest(FrameworkServlet.java:1014)
	at org.springframework.web.servlet.FrameworkServlet.doPost(FrameworkServlet.java:914)
	at jakarta.servlet.http.HttpServlet.service(HttpServlet.java:590)
	at org.springframework.web.servlet.FrameworkServlet.service(FrameworkServlet.java:885)
	at jakarta.servlet.http.HttpServlet.service(HttpServlet.java:658)
	at org.apache.catalina.core.ApplicationFilterChain.internalDoFilter(ApplicationFilterChain.java:195)
	at org.apache.catalina.core.ApplicationFilterChain.doFilter(ApplicationFilterChain.java:140)
	at org.apache.tomcat.websocket.server.WsFilter.doFilter(WsFilter.java:51)
	at org.apache.catalina.core.ApplicationFilterChain.internalDoFilter(ApplicationFilterChain.java:164)
	at org.apache.catalina.core.ApplicationFilterChain.doFilter(ApplicationFilterChain.java:140)
	at org.springframework.web.filter.RequestContextFilter.doFilterInternal(RequestContextFilter.java:100)
	at org.springframework.web.filter.OncePerRequestFilter.doFilter(OncePerRequestFilter.java:116)
	at org.apache.catalina.core.ApplicationFilterChain.internalDoFilter(ApplicationFilterChain.java:164)
	at org.apache.catalina.core.ApplicationFilterChain.doFilter(ApplicationFilterChain.java:140)
	at org.springframework.web.filter.FormContentFilter.doFilterInternal(FormContentFilter.java:93)
	at org.springframework.web.filter.OncePerRequestFilter.doFilter(OncePerRequestFilter.java:116)
	at org.apache.catalina.core.ApplicationFilterChain.internalDoFilter(ApplicationFilterChain.java:164)
	at org.apache.catalina.core.ApplicationFilterChain.doFilter(ApplicationFilterChain.java:140)
	at org.springframework.web.filter.CharacterEncodingFilter.doFilterInternal(CharacterEncodingFilter.java:201)
	at org.springframework.web.filter.OncePerRequestFilter.doFilter(OncePerRequestFilter.java:116)
	at org.apache.catalina.core.ApplicationFilterChain.internalDoFilter(ApplicationFilterChain.java:164)
	at org.apache.catalina.core.ApplicationFilterChain.doFilter(ApplicationFilterChain.java:140)
	at org.apache.catalina.core.StandardWrapperValve.invoke(StandardWrapperValve.java:167)
	at org.apache.catalina.core.StandardContextValve.invoke(StandardContextValve.java:90)
	at org.apache.catalina.authenticator.AuthenticatorBase.invoke(AuthenticatorBase.java:483)
	at org.apache.catalina.core.StandardHostValve.invoke(StandardHostValve.java:116)
	at org.apache.catalina.valves.ErrorReportValve.invoke(ErrorReportValve.java:93)
	at org.apache.catalina.core.StandardEngineValve.invoke(StandardEngineValve.java:74)
	at org.apache.catalina.connector.CoyoteAdapter.service(CoyoteAdapter.java:344)
	at org.apache.coyote.http11.Http11Processor.service(Http11Processor.java:398)
	at org.apache.coyote.AbstractProcessorLight.process(AbstractProcessorLight.java:63)
	at org.apache.coyote.AbstractProtocol$ConnectionHandler.process(AbstractProtocol.java:903)
	at org.apache.tomcat.util.net.NioEndpoint$SocketProcessor.doRun(NioEndpoint.java:1769)
	at org.apache.tomcat.util.net.SocketProcessorBase.run(SocketProcessorBase.java:52)
	at org.apache.tomcat.util.threads.ThreadPoolExecutor.runWorker(ThreadPoolExecutor.java:1189)
	at org.apache.tomcat.util.threads.ThreadPoolExecutor$Worker.run(ThreadPoolExecutor.java:658)
	at org.apache.tomcat.util.threads.TaskThread$WrappingRunnable.run(TaskThread.java:63)
	at java.base/java.lang.Thread.run(Thread.java:840)
2025-07-11 11:06:25,105 ERROR o.a.j.l.DirectJDKLog [http-nio-8080-exec-4] Servlet.service() for servlet [dispatcherServlet] in context with path [] threw exception [Request processing failed: java.lang.NullPointerException: Cannot invoke "java.util.Map.get(Object)" because the return value of "com.bieliaiev.search_bot.config.AppConfig.getLanguages()" is null] with root cause
java.lang.NullPointerException: Cannot invoke "java.util.Map.get(Object)" because the return value of "com.bieliaiev.search_bot.config.AppConfig.getLanguages()" is null
	at com.bieliaiev.search_bot.service.AppService.getLanguage(AppService.java:26)
	at com.bieliaiev.search_bot.bot.SearchBot.onWebhookUpdateReceived(SearchBot.java:60)
	at com.bieliaiev.search_bot.controller.WebhookController.onUpdateReceived(WebhookController.java:25)
	at java.base/jdk.internal.reflect.NativeMethodAccessorImpl.invoke0(Native Method)
	at java.base/jdk.internal.reflect.NativeMethodAccessorImpl.invoke(NativeMethodAccessorImpl.java:77)
	at java.base/jdk.internal.reflect.DelegatingMethodAccessorImpl.invoke(DelegatingMethodAccessorImpl.java:43)
	at java.base/java.lang.reflect.Method.invoke(Method.java:568)
	at org.springframework.web.method.support.InvocableHandlerMethod.doInvoke(InvocableHandlerMethod.java:258)
	at org.springframework.web.method.support.InvocableHandlerMethod.invokeForRequest(InvocableHandlerMethod.java:191)
	at org.springframework.web.servlet.mvc.method.annotation.ServletInvocableHandlerMethod.invokeAndHandle(ServletInvocableHandlerMethod.java:118)
	at org.springframework.web.servlet.mvc.method.annotation.RequestMappingHandlerAdapter.invokeHandlerMethod(RequestMappingHandlerAdapter.java:986)
	at org.springframework.web.servlet.mvc.method.annotation.RequestMappingHandlerAdapter.handleInternal(RequestMappingHandlerAdapter.java:891)
	at org.springframework.web.servlet.mvc.method.AbstractHandlerMethodAdapter.handle(AbstractHandlerMethodAdapter.java:87)
	at org.springframework.web.servlet.DispatcherServlet.doDispatch(DispatcherServlet.java:1089)
	at org.springframework.web.servlet.DispatcherServlet.doService(DispatcherServlet.java:979)
	at org.springframework.web.servlet.FrameworkServlet.processRequest(FrameworkServlet.java:1014)
	at org.springframework.web.servlet.FrameworkServlet.doPost(FrameworkServlet.java:914)
	at jakarta.servlet.http.HttpServlet.service(HttpServlet.java:590)
	at org.springframework.web.servlet.FrameworkServlet.service(FrameworkServlet.java:885)
	at jakarta.servlet.http.HttpServlet.service(HttpServlet.java:658)
	at org.apache.catalina.core.ApplicationFilterChain.internalDoFilter(ApplicationFilterChain.java:195)
	at org.apache.catalina.core.ApplicationFilterChain.doFilter(ApplicationFilterChain.java:140)
	at org.apache.tomcat.websocket.server.WsFilter.doFilter(WsFilter.java:51)
	at org.apache.catalina.core.ApplicationFilterChain.internalDoFilter(ApplicationFilterChain.java:164)
	at org.apache.catalina.core.ApplicationFilterChain.doFilter(ApplicationFilterChain.java:140)
	at org.springframework.web.filter.RequestContextFilter.doFilterInternal(RequestContextFilter.java:100)
	at org.springframework.web.filter.OncePerRequestFilter.doFilter(OncePerRequestFilter.java:116)
	at org.apache.catalina.core.ApplicationFilterChain.internalDoFilter(ApplicationFilterChain.java:164)
	at org.apache.catalina.core.ApplicationFilterChain.doFilter(ApplicationFilterChain.java:140)
	at org.springframework.web.filter.FormContentFilter.doFilterInternal(FormContentFilter.java:93)
	at org.springframework.web.filter.OncePerRequestFilter.doFilter(OncePerRequestFilter.java:116)
	at org.apache.catalina.core.ApplicationFilterChain.internalDoFilter(ApplicationFilterChain.java:164)
	at org.apache.catalina.core.ApplicationFilterChain.doFilter(ApplicationFilterChain.java:140)
	at org.springframework.web.filter.CharacterEncodingFilter.doFilterInternal(CharacterEncodingFilter.java:201)
	at org.springframework.web.filter.OncePerRequestFilter.doFilter(OncePerRequestFilter.java:116)
	at org.apache.catalina.core.ApplicationFilterChain.internalDoFilter(ApplicationFilterChain.java:164)
	at org.apache.catalina.core.ApplicationFilterChain.doFilter(ApplicationFilterChain.java:140)
	at org.apache.catalina.core.StandardWrapperValve.invoke(StandardWrapperValve.java:167)
	at org.apache.catalina.core.StandardContextValve.invoke(StandardContextValve.java:90)
	at org.apache.catalina.authenticator.AuthenticatorBase.invoke(AuthenticatorBase.java:483)
	at org.apache.catalina.core.StandardHostValve.invoke(StandardHostValve.java:116)
	at org.apache.catalina.valves.ErrorReportValve.invoke(ErrorReportValve.java:93)
	at org.apache.catalina.core.StandardEngineValve.invoke(StandardEngineValve.java:74)
	at org.apache.catalina.connector.CoyoteAdapter.service(CoyoteAdapter.java:344)
	at org.apache.coyote.http11.Http11Processor.service(Http11Processor.java:398)
	at org.apache.coyote.AbstractProcessorLight.process(AbstractProcessorLight.java:63)
	at org.apache.coyote.AbstractProtocol$ConnectionHandler.process(AbstractProtocol.java:903)
	at org.apache.tomcat.util.net.NioEndpoint$SocketProcessor.doRun(NioEndpoint.java:1769)
	at org.apache.tomcat.util.net.SocketProcessorBase.run(SocketProcessorBase.java:52)
	at org.apache.tomcat.util.threads.ThreadPoolExecutor.runWorker(ThreadPoolExecutor.java:1189)
	at org.apache.tomcat.util.threads.ThreadPoolExecutor$Worker.run(ThreadPoolExecutor.java:658)
	at org.apache.tomcat.util.threads.TaskThread$WrappingRunnable.run(TaskThread.java:63)
	at java.base/java.lang.Thread.run(Thread.java:840)
2025-07-11 11:06:33,162 ERROR o.a.j.l.DirectJDKLog [http-nio-8080-exec-5] Servlet.service() for servlet [dispatcherServlet] in context with path [] threw exception [Request processing failed: java.lang.NullPointerException: Cannot invoke "java.util.Map.get(Object)" because the return value of "com.bieliaiev.search_bot.config.AppConfig.getLanguages()" is null] with root cause
java.lang.NullPointerException: Cannot invoke "java.util.Map.get(Object)" because the return value of "com.bieliaiev.search_bot.config.AppConfig.getLanguages()" is null
	at com.bieliaiev.search_bot.service.AppService.getLanguage(AppService.java:26)
	at com.bieliaiev.search_bot.bot.SearchBot.onWebhookUpdateReceived(SearchBot.java:60)
	at com.bieliaiev.search_bot.controller.WebhookController.onUpdateReceived(WebhookController.java:25)
	at java.base/jdk.internal.reflect.NativeMethodAccessorImpl.invoke0(Native Method)
	at java.base/jdk.internal.reflect.NativeMethodAccessorImpl.invoke(NativeMethodAccessorImpl.java:77)
	at java.base/jdk.internal.reflect.DelegatingMethodAccessorImpl.invoke(DelegatingMethodAccessorImpl.java:43)
	at java.base/java.lang.reflect.Method.invoke(Method.java:568)
	at org.springframework.web.method.support.InvocableHandlerMethod.doInvoke(InvocableHandlerMethod.java:258)
	at org.springframework.web.method.support.InvocableHandlerMethod.invokeForRequest(InvocableHandlerMethod.java:191)
	at org.springframework.web.servlet.mvc.method.annotation.ServletInvocableHandlerMethod.invokeAndHandle(ServletInvocableHandlerMethod.java:118)
	at org.springframework.web.servlet.mvc.method.annotation.RequestMappingHandlerAdapter.invokeHandlerMethod(RequestMappingHandlerAdapter.java:986)
	at org.springframework.web.servlet.mvc.method.annotation.RequestMappingHandlerAdapter.handleInternal(RequestMappingHandlerAdapter.java:891)
	at org.springframework.web.servlet.mvc.method.AbstractHandlerMethodAdapter.handle(AbstractHandlerMethodAdapter.java:87)
	at org.springframework.web.servlet.DispatcherServlet.doDispatch(DispatcherServlet.java:1089)
	at org.springframework.web.servlet.DispatcherServlet.doService(DispatcherServlet.java:979)
	at org.springframework.web.servlet.FrameworkServlet.processRequest(FrameworkServlet.java:1014)
	at org.springframework.web.servlet.FrameworkServlet.doPost(FrameworkServlet.java:914)
	at jakarta.servlet.http.HttpServlet.service(HttpServlet.java:590)
	at org.springframework.web.servlet.FrameworkServlet.service(FrameworkServlet.java:885)
	at jakarta.servlet.http.HttpServlet.service(HttpServlet.java:658)
	at org.apache.catalina.core.ApplicationFilterChain.internalDoFilter(ApplicationFilterChain.java:195)
	at org.apache.catalina.core.ApplicationFilterChain.doFilter(ApplicationFilterChain.java:140)
	at org.apache.tomcat.websocket.server.WsFilter.doFilter(WsFilter.java:51)
	at org.apache.catalina.core.ApplicationFilterChain.internalDoFilter(ApplicationFilterChain.java:164)
	at org.apache.catalina.core.ApplicationFilterChain.doFilter(ApplicationFilterChain.java:140)
	at org.springframework.web.filter.RequestContextFilter.doFilterInternal(RequestContextFilter.java:100)
	at org.springframework.web.filter.OncePerRequestFilter.doFilter(OncePerRequestFilter.java:116)
	at org.apache.catalina.core.ApplicationFilterChain.internalDoFilter(ApplicationFilterChain.java:164)
	at org.apache.catalina.core.ApplicationFilterChain.doFilter(ApplicationFilterChain.java:140)
	at org.springframework.web.filter.FormContentFilter.doFilterInternal(FormContentFilter.java:93)
	at org.springframework.web.filter.OncePerRequestFilter.doFilter(OncePerRequestFilter.java:116)
	at org.apache.catalina.core.ApplicationFilterChain.internalDoFilter(ApplicationFilterChain.java:164)
	at org.apache.catalina.core.ApplicationFilterChain.doFilter(ApplicationFilterChain.java:140)
	at org.springframework.web.filter.CharacterEncodingFilter.doFilterInternal(CharacterEncodingFilter.java:201)
	at org.springframework.web.filter.OncePerRequestFilter.doFilter(OncePerRequestFilter.java:116)
	at org.apache.catalina.core.ApplicationFilterChain.internalDoFilter(ApplicationFilterChain.java:164)
	at org.apache.catalina.core.ApplicationFilterChain.doFilter(ApplicationFilterChain.java:140)
	at org.apache.catalina.core.StandardWrapperValve.invoke(StandardWrapperValve.java:167)
	at org.apache.catalina.core.StandardContextValve.invoke(StandardContextValve.java:90)
	at org.apache.catalina.authenticator.AuthenticatorBase.invoke(AuthenticatorBase.java:483)
	at org.apache.catalina.core.StandardHostValve.invoke(StandardHostValve.java:116)
	at org.apache.catalina.valves.ErrorReportValve.invoke(ErrorReportValve.java:93)
	at org.apache.catalina.core.StandardEngineValve.invoke(StandardEngineValve.java:74)
	at org.apache.catalina.connector.CoyoteAdapter.service(CoyoteAdapter.java:344)
	at org.apache.coyote.http11.Http11Processor.service(Http11Processor.java:398)
	at org.apache.coyote.AbstractProcessorLight.process(AbstractProcessorLight.java:63)
	at org.apache.coyote.AbstractProtocol$ConnectionHandler.process(AbstractProtocol.java:903)
	at org.apache.tomcat.util.net.NioEndpoint$SocketProcessor.doRun(NioEndpoint.java:1769)
	at org.apache.tomcat.util.net.SocketProcessorBase.run(SocketProcessorBase.java:52)
	at org.apache.tomcat.util.threads.ThreadPoolExecutor.runWorker(ThreadPoolExecutor.java:1189)
	at org.apache.tomcat.util.threads.ThreadPoolExecutor$Worker.run(ThreadPoolExecutor.java:658)
	at org.apache.tomcat.util.threads.TaskThread$WrappingRunnable.run(TaskThread.java:63)
	at java.base/java.lang.Thread.run(Thread.java:840)
2025-07-11 11:06:49,218 ERROR o.a.j.l.DirectJDKLog [http-nio-8080-exec-6] Servlet.service() for servlet [dispatcherServlet] in context with path [] threw exception [Request processing failed: java.lang.NullPointerException: Cannot invoke "java.util.Map.get(Object)" because the return value of "com.bieliaiev.search_bot.config.AppConfig.getLanguages()" is null] with root cause
java.lang.NullPointerException: Cannot invoke "java.util.Map.get(Object)" because the return value of "com.bieliaiev.search_bot.config.AppConfig.getLanguages()" is null
	at com.bieliaiev.search_bot.service.AppService.getLanguage(AppService.java:26)
	at com.bieliaiev.search_bot.bot.SearchBot.onWebhookUpdateReceived(SearchBot.java:60)
	at com.bieliaiev.search_bot.controller.WebhookController.onUpdateReceived(WebhookController.java:25)
	at java.base/jdk.internal.reflect.NativeMethodAccessorImpl.invoke0(Native Method)
	at java.base/jdk.internal.reflect.NativeMethodAccessorImpl.invoke(NativeMethodAccessorImpl.java:77)
	at java.base/jdk.internal.reflect.DelegatingMethodAccessorImpl.invoke(DelegatingMethodAccessorImpl.java:43)
	at java.base/java.lang.reflect.Method.invoke(Method.java:568)
	at org.springframework.web.method.support.InvocableHandlerMethod.doInvoke(InvocableHandlerMethod.java:258)
	at org.springframework.web.method.support.InvocableHandlerMethod.invokeForRequest(InvocableHandlerMethod.java:191)
	at org.springframework.web.servlet.mvc.method.annotation.ServletInvocableHandlerMethod.invokeAndHandle(ServletInvocableHandlerMethod.java:118)
	at org.springframework.web.servlet.mvc.method.annotation.RequestMappingHandlerAdapter.invokeHandlerMethod(RequestMappingHandlerAdapter.java:986)
	at org.springframework.web.servlet.mvc.method.annotation.RequestMappingHandlerAdapter.handleInternal(RequestMappingHandlerAdapter.java:891)
	at org.springframework.web.servlet.mvc.method.AbstractHandlerMethodAdapter.handle(AbstractHandlerMethodAdapter.java:87)
	at org.springframework.web.servlet.DispatcherServlet.doDispatch(DispatcherServlet.java:1089)
	at org.springframework.web.servlet.DispatcherServlet.doService(DispatcherServlet.java:979)
	at org.springframework.web.servlet.FrameworkServlet.processRequest(FrameworkServlet.java:1014)
	at org.springframework.web.servlet.FrameworkServlet.doPost(FrameworkServlet.java:914)
	at jakarta.servlet.http.HttpServlet.service(HttpServlet.java:590)
	at org.springframework.web.servlet.FrameworkServlet.service(FrameworkServlet.java:885)
	at jakarta.servlet.http.HttpServlet.service(HttpServlet.java:658)
	at org.apache.catalina.core.ApplicationFilterChain.internalDoFilter(ApplicationFilterChain.java:195)
	at org.apache.catalina.core.ApplicationFilterChain.doFilter(ApplicationFilterChain.java:140)
	at org.apache.tomcat.websocket.server.WsFilter.doFilter(WsFilter.java:51)
	at org.apache.catalina.core.ApplicationFilterChain.internalDoFilter(ApplicationFilterChain.java:164)
	at org.apache.catalina.core.ApplicationFilterChain.doFilter(ApplicationFilterChain.java:140)
	at org.springframework.web.filter.RequestContextFilter.doFilterInternal(RequestContextFilter.java:100)
	at org.springframework.web.filter.OncePerRequestFilter.doFilter(OncePerRequestFilter.java:116)
	at org.apache.catalina.core.ApplicationFilterChain.internalDoFilter(ApplicationFilterChain.java:164)
	at org.apache.catalina.core.ApplicationFilterChain.doFilter(ApplicationFilterChain.java:140)
	at org.springframework.web.filter.FormContentFilter.doFilterInternal(FormContentFilter.java:93)
	at org.springframework.web.filter.OncePerRequestFilter.doFilter(OncePerRequestFilter.java:116)
	at org.apache.catalina.core.ApplicationFilterChain.internalDoFilter(ApplicationFilterChain.java:164)
	at org.apache.catalina.core.ApplicationFilterChain.doFilter(ApplicationFilterChain.java:140)
	at org.springframework.web.filter.CharacterEncodingFilter.doFilterInternal(CharacterEncodingFilter.java:201)
	at org.springframework.web.filter.OncePerRequestFilter.doFilter(OncePerRequestFilter.java:116)
	at org.apache.catalina.core.ApplicationFilterChain.internalDoFilter(ApplicationFilterChain.java:164)
	at org.apache.catalina.core.ApplicationFilterChain.doFilter(ApplicationFilterChain.java:140)
	at org.apache.catalina.core.StandardWrapperValve.invoke(StandardWrapperValve.java:167)
	at org.apache.catalina.core.StandardContextValve.invoke(StandardContextValve.java:90)
	at org.apache.catalina.authenticator.AuthenticatorBase.invoke(AuthenticatorBase.java:483)
	at org.apache.catalina.core.StandardHostValve.invoke(StandardHostValve.java:116)
	at org.apache.catalina.valves.ErrorReportValve.invoke(ErrorReportValve.java:93)
	at org.apache.catalina.core.StandardEngineValve.invoke(StandardEngineValve.java:74)
	at org.apache.catalina.connector.CoyoteAdapter.service(CoyoteAdapter.java:344)
	at org.apache.coyote.http11.Http11Processor.service(Http11Processor.java:398)
	at org.apache.coyote.AbstractProcessorLight.process(AbstractProcessorLight.java:63)
	at org.apache.coyote.AbstractProtocol$ConnectionHandler.process(AbstractProtocol.java:903)
	at org.apache.tomcat.util.net.NioEndpoint$SocketProcessor.doRun(NioEndpoint.java:1769)
	at org.apache.tomcat.util.net.SocketProcessorBase.run(SocketProcessorBase.java:52)
	at org.apache.tomcat.util.threads.ThreadPoolExecutor.runWorker(ThreadPoolExecutor.java:1189)
	at org.apache.tomcat.util.threads.ThreadPoolExecutor$Worker.run(ThreadPoolExecutor.java:658)
	at org.apache.tomcat.util.threads.TaskThread$WrappingRunnable.run(TaskThread.java:63)
	at java.base/java.lang.Thread.run(Thread.java:840)
2025-07-11 11:07:21,274 ERROR o.a.j.l.DirectJDKLog [http-nio-8080-exec-7] Servlet.service() for servlet [dispatcherServlet] in context with path [] threw exception [Request processing failed: java.lang.NullPointerException: Cannot invoke "java.util.Map.get(Object)" because the return value of "com.bieliaiev.search_bot.config.AppConfig.getLanguages()" is null] with root cause
java.lang.NullPointerException: Cannot invoke "java.util.Map.get(Object)" because the return value of "com.bieliaiev.search_bot.config.AppConfig.getLanguages()" is null
	at com.bieliaiev.search_bot.service.AppService.getLanguage(AppService.java:26)
	at com.bieliaiev.search_bot.bot.SearchBot.onWebhookUpdateReceived(SearchBot.java:60)
	at com.bieliaiev.search_bot.controller.WebhookController.onUpdateReceived(WebhookController.java:25)
	at java.base/jdk.internal.reflect.NativeMethodAccessorImpl.invoke0(Native Method)
	at java.base/jdk.internal.reflect.NativeMethodAccessorImpl.invoke(NativeMethodAccessorImpl.java:77)
	at java.base/jdk.internal.reflect.DelegatingMethodAccessorImpl.invoke(DelegatingMethodAccessorImpl.java:43)
	at java.base/java.lang.reflect.Method.invoke(Method.java:568)
	at org.springframework.web.method.support.InvocableHandlerMethod.doInvoke(InvocableHandlerMethod.java:258)
	at org.springframework.web.method.support.InvocableHandlerMethod.invokeForRequest(InvocableHandlerMethod.java:191)
	at org.springframework.web.servlet.mvc.method.annotation.ServletInvocableHandlerMethod.invokeAndHandle(ServletInvocableHandlerMethod.java:118)
	at org.springframework.web.servlet.mvc.method.annotation.RequestMappingHandlerAdapter.invokeHandlerMethod(RequestMappingHandlerAdapter.java:986)
	at org.springframework.web.servlet.mvc.method.annotation.RequestMappingHandlerAdapter.handleInternal(RequestMappingHandlerAdapter.java:891)
	at org.springframework.web.servlet.mvc.method.AbstractHandlerMethodAdapter.handle(AbstractHandlerMethodAdapter.java:87)
	at org.springframework.web.servlet.DispatcherServlet.doDispatch(DispatcherServlet.java:1089)
	at org.springframework.web.servlet.DispatcherServlet.doService(DispatcherServlet.java:979)
	at org.springframework.web.servlet.FrameworkServlet.processRequest(FrameworkServlet.java:1014)
	at org.springframework.web.servlet.FrameworkServlet.doPost(FrameworkServlet.java:914)
	at jakarta.servlet.http.HttpServlet.service(HttpServlet.java:590)
	at org.springframework.web.servlet.FrameworkServlet.service(FrameworkServlet.java:885)
	at jakarta.servlet.http.HttpServlet.service(HttpServlet.java:658)
	at org.apache.catalina.core.ApplicationFilterChain.internalDoFilter(ApplicationFilterChain.java:195)
	at org.apache.catalina.core.ApplicationFilterChain.doFilter(ApplicationFilterChain.java:140)
	at org.apache.tomcat.websocket.server.WsFilter.doFilter(WsFilter.java:51)
	at org.apache.catalina.core.ApplicationFilterChain.internalDoFilter(ApplicationFilterChain.java:164)
	at org.apache.catalina.core.ApplicationFilterChain.doFilter(ApplicationFilterChain.java:140)
	at org.springframework.web.filter.RequestContextFilter.doFilterInternal(RequestContextFilter.java:100)
	at org.springframework.web.filter.OncePerRequestFilter.doFilter(OncePerRequestFilter.java:116)
	at org.apache.catalina.core.ApplicationFilterChain.internalDoFilter(ApplicationFilterChain.java:164)
	at org.apache.catalina.core.ApplicationFilterChain.doFilter(ApplicationFilterChain.java:140)
	at org.springframework.web.filter.FormContentFilter.doFilterInternal(FormContentFilter.java:93)
	at org.springframework.web.filter.OncePerRequestFilter.doFilter(OncePerRequestFilter.java:116)
	at org.apache.catalina.core.ApplicationFilterChain.internalDoFilter(ApplicationFilterChain.java:164)
	at org.apache.catalina.core.ApplicationFilterChain.doFilter(ApplicationFilterChain.java:140)
	at org.springframework.web.filter.CharacterEncodingFilter.doFilterInternal(CharacterEncodingFilter.java:201)
	at org.springframework.web.filter.OncePerRequestFilter.doFilter(OncePerRequestFilter.java:116)
	at org.apache.catalina.core.ApplicationFilterChain.internalDoFilter(ApplicationFilterChain.java:164)
	at org.apache.catalina.core.ApplicationFilterChain.doFilter(ApplicationFilterChain.java:140)
	at org.apache.catalina.core.StandardWrapperValve.invoke(StandardWrapperValve.java:167)
	at org.apache.catalina.core.StandardContextValve.invoke(StandardContextValve.java:90)
	at org.apache.catalina.authenticator.AuthenticatorBase.invoke(AuthenticatorBase.java:483)
	at org.apache.catalina.core.StandardHostValve.invoke(StandardHostValve.java:116)
	at org.apache.catalina.valves.ErrorReportValve.invoke(ErrorReportValve.java:93)
	at org.apache.catalina.core.StandardEngineValve.invoke(StandardEngineValve.java:74)
	at org.apache.catalina.connector.CoyoteAdapter.service(CoyoteAdapter.java:344)
	at org.apache.coyote.http11.Http11Processor.service(Http11Processor.java:398)
	at org.apache.coyote.AbstractProcessorLight.process(AbstractProcessorLight.java:63)
	at org.apache.coyote.AbstractProtocol$ConnectionHandler.process(AbstractProtocol.java:903)
	at org.apache.tomcat.util.net.NioEndpoint$SocketProcessor.doRun(NioEndpoint.java:1769)
	at org.apache.tomcat.util.net.SocketProcessorBase.run(SocketProcessorBase.java:52)
	at org.apache.tomcat.util.threads.ThreadPoolExecutor.runWorker(ThreadPoolExecutor.java:1189)
	at org.apache.tomcat.util.threads.ThreadPoolExecutor$Worker.run(ThreadPoolExecutor.java:658)
	at org.apache.tomcat.util.threads.TaskThread$WrappingRunnable.run(TaskThread.java:63)
	at java.base/java.lang.Thread.run(Thread.java:840)
2025-07-11 11:08:25,330 ERROR o.a.j.l.DirectJDKLog [http-nio-8080-exec-8] Servlet.service() for servlet [dispatcherServlet] in context with path [] threw exception [Request processing failed: java.lang.NullPointerException: Cannot invoke "java.util.Map.get(Object)" because the return value of "com.bieliaiev.search_bot.config.AppConfig.getLanguages()" is null] with root cause
java.lang.NullPointerException: Cannot invoke "java.util.Map.get(Object)" because the return value of "com.bieliaiev.search_bot.config.AppConfig.getLanguages()" is null
	at com.bieliaiev.search_bot.service.AppService.getLanguage(AppService.java:26)
	at com.bieliaiev.search_bot.bot.SearchBot.onWebhookUpdateReceived(SearchBot.java:60)
	at com.bieliaiev.search_bot.controller.WebhookController.onUpdateReceived(WebhookController.java:25)
	at java.base/jdk.internal.reflect.NativeMethodAccessorImpl.invoke0(Native Method)
	at java.base/jdk.internal.reflect.NativeMethodAccessorImpl.invoke(NativeMethodAccessorImpl.java:77)
	at java.base/jdk.internal.reflect.DelegatingMethodAccessorImpl.invoke(DelegatingMethodAccessorImpl.java:43)
	at java.base/java.lang.reflect.Method.invoke(Method.java:568)
	at org.springframework.web.method.support.InvocableHandlerMethod.doInvoke(InvocableHandlerMethod.java:258)
	at org.springframework.web.method.support.InvocableHandlerMethod.invokeForRequest(InvocableHandlerMethod.java:191)
	at org.springframework.web.servlet.mvc.method.annotation.ServletInvocableHandlerMethod.invokeAndHandle(ServletInvocableHandlerMethod.java:118)
	at org.springframework.web.servlet.mvc.method.annotation.RequestMappingHandlerAdapter.invokeHandlerMethod(RequestMappingHandlerAdapter.java:986)
	at org.springframework.web.servlet.mvc.method.annotation.RequestMappingHandlerAdapter.handleInternal(RequestMappingHandlerAdapter.java:891)
	at org.springframework.web.servlet.mvc.method.AbstractHandlerMethodAdapter.handle(AbstractHandlerMethodAdapter.java:87)
	at org.springframework.web.servlet.DispatcherServlet.doDispatch(DispatcherServlet.java:1089)
	at org.springframework.web.servlet.DispatcherServlet.doService(DispatcherServlet.java:979)
	at org.springframework.web.servlet.FrameworkServlet.processRequest(FrameworkServlet.java:1014)
	at org.springframework.web.servlet.FrameworkServlet.doPost(FrameworkServlet.java:914)
	at jakarta.servlet.http.HttpServlet.service(HttpServlet.java:590)
	at org.springframework.web.servlet.FrameworkServlet.service(FrameworkServlet.java:885)
	at jakarta.servlet.http.HttpServlet.service(HttpServlet.java:658)
	at org.apache.catalina.core.ApplicationFilterChain.internalDoFilter(ApplicationFilterChain.java:195)
	at org.apache.catalina.core.ApplicationFilterChain.doFilter(ApplicationFilterChain.java:140)
	at org.apache.tomcat.websocket.server.WsFilter.doFilter(WsFilter.java:51)
	at org.apache.catalina.core.ApplicationFilterChain.internalDoFilter(ApplicationFilterChain.java:164)
	at org.apache.catalina.core.ApplicationFilterChain.doFilter(ApplicationFilterChain.java:140)
	at org.springframework.web.filter.RequestContextFilter.doFilterInternal(RequestContextFilter.java:100)
	at org.springframework.web.filter.OncePerRequestFilter.doFilter(OncePerRequestFilter.java:116)
	at org.apache.catalina.core.ApplicationFilterChain.internalDoFilter(ApplicationFilterChain.java:164)
	at org.apache.catalina.core.ApplicationFilterChain.doFilter(ApplicationFilterChain.java:140)
	at org.springframework.web.filter.FormContentFilter.doFilterInternal(FormContentFilter.java:93)
	at org.springframework.web.filter.OncePerRequestFilter.doFilter(OncePerRequestFilter.java:116)
	at org.apache.catalina.core.ApplicationFilterChain.internalDoFilter(ApplicationFilterChain.java:164)
	at org.apache.catalina.core.ApplicationFilterChain.doFilter(ApplicationFilterChain.java:140)
	at org.springframework.web.filter.CharacterEncodingFilter.doFilterInternal(CharacterEncodingFilter.java:201)
	at org.springframework.web.filter.OncePerRequestFilter.doFilter(OncePerRequestFilter.java:116)
	at org.apache.catalina.core.ApplicationFilterChain.internalDoFilter(ApplicationFilterChain.java:164)
	at org.apache.catalina.core.ApplicationFilterChain.doFilter(ApplicationFilterChain.java:140)
	at org.apache.catalina.core.StandardWrapperValve.invoke(StandardWrapperValve.java:167)
	at org.apache.catalina.core.StandardContextValve.invoke(StandardContextValve.java:90)
	at org.apache.catalina.authenticator.AuthenticatorBase.invoke(AuthenticatorBase.java:483)
	at org.apache.catalina.core.StandardHostValve.invoke(StandardHostValve.java:116)
	at org.apache.catalina.valves.ErrorReportValve.invoke(ErrorReportValve.java:93)
	at org.apache.catalina.core.StandardEngineValve.invoke(StandardEngineValve.java:74)
	at org.apache.catalina.connector.CoyoteAdapter.service(CoyoteAdapter.java:344)
	at org.apache.coyote.http11.Http11Processor.service(Http11Processor.java:398)
	at org.apache.coyote.AbstractProcessorLight.process(AbstractProcessorLight.java:63)
	at org.apache.coyote.AbstractProtocol$ConnectionHandler.process(AbstractProtocol.java:903)
	at org.apache.tomcat.util.net.NioEndpoint$SocketProcessor.doRun(NioEndpoint.java:1769)
	at org.apache.tomcat.util.net.SocketProcessorBase.run(SocketProcessorBase.java:52)
	at org.apache.tomcat.util.threads.ThreadPoolExecutor.runWorker(ThreadPoolExecutor.java:1189)
	at org.apache.tomcat.util.threads.ThreadPoolExecutor$Worker.run(ThreadPoolExecutor.java:658)
	at org.apache.tomcat.util.threads.TaskThread$WrappingRunnable.run(TaskThread.java:63)
	at java.base/java.lang.Thread.run(Thread.java:840)
2025-07-11 11:08:52,458 INFO o.h.v.i.u.Version [background-preinit] HV000001: Hibernate Validator 8.0.2.Final
2025-07-11 11:08:52,550 INFO o.s.b.StartupInfoLogger [main] Starting SearchBotApplication using Java 17.0.9 with PID 13044 (C:\workspace\nearby-search-bot\target\classes started by user in C:\workspace\nearby-search-bot)
2025-07-11 11:08:52,552 INFO o.s.b.SpringApplication [main] No active profile set, falling back to 1 default profile: "default"
2025-07-11 11:08:53,665 INFO o.s.b.w.e.t.TomcatWebServer [main] Tomcat initialized with port 8080 (http)
2025-07-11 11:08:53,674 INFO o.a.j.l.DirectJDKLog [main] Initializing ProtocolHandler ["http-nio-8080"]
2025-07-11 11:08:53,676 INFO o.a.j.l.DirectJDKLog [main] Starting service [Tomcat]
2025-07-11 11:08:53,677 INFO o.a.j.l.DirectJDKLog [main] Starting Servlet engine: [Apache Tomcat/10.1.42]
2025-07-11 11:08:53,758 INFO o.a.j.l.DirectJDKLog [main] Initializing Spring embedded WebApplicationContext
2025-07-11 11:08:53,759 INFO o.s.b.w.s.c.ServletWebServerApplicationContext [main] Root WebApplicationContext: initialization completed in 1156 ms
2025-07-11 11:08:54,121 INFO o.a.j.l.DirectJDKLog [main] Starting ProtocolHandler ["http-nio-8080"]
2025-07-11 11:08:54,144 INFO o.s.b.w.e.t.TomcatWebServer [main] Tomcat started on port 8080 (http) with context path '/'
2025-07-11 11:08:54,151 INFO o.s.b.StartupInfoLogger [main] Started SearchBotApplication in 2.211 seconds (process running for 2.634)
2025-07-11 11:10:13,425 INFO o.a.j.l.DirectJDKLog [http-nio-8080-exec-1] Initializing Spring DispatcherServlet 'dispatcherServlet'
2025-07-11 11:10:13,426 INFO o.s.w.s.FrameworkServlet [http-nio-8080-exec-1] Initializing Servlet 'dispatcherServlet'
2025-07-11 11:10:13,427 INFO o.s.w.s.FrameworkServlet [http-nio-8080-exec-1] Completed initialization in 0 ms
2025-07-11 11:17:19,771 INFO o.h.v.i.u.Version [background-preinit] HV000001: Hibernate Validator 8.0.2.Final
2025-07-11 11:17:19,868 INFO o.s.b.StartupInfoLogger [main] Starting SearchBotApplication using Java 17.0.9 with PID 12332 (C:\workspace\nearby-search-bot\target\classes started by user in C:\workspace\nearby-search-bot)
2025-07-11 11:17:19,871 INFO o.s.b.SpringApplication [main] No active profile set, falling back to 1 default profile: "default"
2025-07-11 11:17:20,998 INFO o.s.b.w.e.t.TomcatWebServer [main] Tomcat initialized with port 8080 (http)
2025-07-11 11:17:21,009 INFO o.a.j.l.DirectJDKLog [main] Initializing ProtocolHandler ["http-nio-8080"]
2025-07-11 11:17:21,011 INFO o.a.j.l.DirectJDKLog [main] Starting service [Tomcat]
2025-07-11 11:17:21,011 INFO o.a.j.l.DirectJDKLog [main] Starting Servlet engine: [Apache Tomcat/10.1.42]
2025-07-11 11:17:21,090 INFO o.a.j.l.DirectJDKLog [main] Initializing Spring embedded WebApplicationContext
2025-07-11 11:17:21,090 INFO o.s.b.w.s.c.ServletWebServerApplicationContext [main] Root WebApplicationContext: initialization completed in 1170 ms
2025-07-11 11:17:21,497 INFO o.a.j.l.DirectJDKLog [main] Starting ProtocolHandler ["http-nio-8080"]
2025-07-11 11:17:21,539 INFO o.s.b.w.e.t.TomcatWebServer [main] Tomcat started on port 8080 (http) with context path '/'
2025-07-11 11:17:21,547 INFO o.s.b.StartupInfoLogger [main] Started SearchBotApplication in 2.281 seconds (process running for 2.705)
2025-07-11 11:18:14,581 INFO o.a.j.l.DirectJDKLog [http-nio-8080-exec-1] Initializing Spring DispatcherServlet 'dispatcherServlet'
2025-07-11 11:18:14,581 INFO o.s.w.s.FrameworkServlet [http-nio-8080-exec-1] Initializing Servlet 'dispatcherServlet'
2025-07-11 11:18:14,582 INFO o.s.w.s.FrameworkServlet [http-nio-8080-exec-1] Completed initialization in 1 ms
2025-07-11 11:20:11,532 WARN c.b.s.s.SearchService [http-nio-8080-exec-6] Search nearby returned status: ZERO_RESULTS
2025-07-11 11:27:39,803 WARN c.b.s.s.SearchService [http-nio-8080-exec-6] Search nearby returned status: ZERO_RESULTS
2025-07-11 11:34:58,161 INFO o.h.v.i.u.Version [background-preinit] HV000001: Hibernate Validator 8.0.2.Final
2025-07-11 11:34:58,238 INFO o.s.b.StartupInfoLogger [main] Starting SearchBotApplication using Java 17.0.9 with PID 6880 (C:\workspace\nearby-search-bot\target\classes started by user in C:\workspace\nearby-search-bot)
2025-07-11 11:34:58,240 INFO o.s.b.SpringApplication [main] No active profile set, falling back to 1 default profile: "default"
2025-07-11 11:34:59,450 INFO o.s.b.w.e.t.TomcatWebServer [main] Tomcat initialized with port 8080 (http)
2025-07-11 11:34:59,460 INFO o.a.j.l.DirectJDKLog [main] Initializing ProtocolHandler ["http-nio-8080"]
2025-07-11 11:34:59,462 INFO o.a.j.l.DirectJDKLog [main] Starting service [Tomcat]
2025-07-11 11:34:59,462 INFO o.a.j.l.DirectJDKLog [main] Starting Servlet engine: [Apache Tomcat/10.1.42]
2025-07-11 11:34:59,544 INFO o.a.j.l.DirectJDKLog [main] Initializing Spring embedded WebApplicationContext
2025-07-11 11:34:59,544 INFO o.s.b.w.s.c.ServletWebServerApplicationContext [main] Root WebApplicationContext: initialization completed in 1262 ms
2025-07-11 11:34:59,939 INFO o.a.j.l.DirectJDKLog [main] Starting ProtocolHandler ["http-nio-8080"]
2025-07-11 11:34:59,975 INFO o.s.b.w.e.t.TomcatWebServer [main] Tomcat started on port 8080 (http) with context path '/'
2025-07-11 11:34:59,983 INFO o.s.b.StartupInfoLogger [main] Started SearchBotApplication in 2.32 seconds (process running for 2.739)
2025-07-11 11:35:02,383 INFO o.a.j.l.DirectJDKLog [http-nio-8080-exec-1] Initializing Spring DispatcherServlet 'dispatcherServlet'
2025-07-11 11:35:02,383 INFO o.s.w.s.FrameworkServlet [http-nio-8080-exec-1] Initializing Servlet 'dispatcherServlet'
2025-07-11 11:35:02,384 INFO o.s.w.s.FrameworkServlet [http-nio-8080-exec-1] Completed initialization in 0 ms
2025-07-11 11:40:05,538 INFO o.h.v.i.u.Version [background-preinit] HV000001: Hibernate Validator 8.0.2.Final
2025-07-11 11:40:05,617 INFO o.s.b.StartupInfoLogger [main] Starting SearchBotApplication using Java 17.0.9 with PID 5776 (C:\workspace\nearby-search-bot\target\classes started by user in C:\workspace\nearby-search-bot)
2025-07-11 11:40:05,619 INFO o.s.b.SpringApplication [main] No active profile set, falling back to 1 default profile: "default"
2025-07-11 11:40:06,855 INFO o.s.b.w.e.t.TomcatWebServer [main] Tomcat initialized with port 8080 (http)
2025-07-11 11:40:06,865 INFO o.a.j.l.DirectJDKLog [main] Initializing ProtocolHandler ["http-nio-8080"]
2025-07-11 11:40:06,868 INFO o.a.j.l.DirectJDKLog [main] Starting service [Tomcat]
2025-07-11 11:40:06,868 INFO o.a.j.l.DirectJDKLog [main] Starting Servlet engine: [Apache Tomcat/10.1.42]
2025-07-11 11:40:06,948 INFO o.a.j.l.DirectJDKLog [main] Initializing Spring embedded WebApplicationContext
2025-07-11 11:40:06,948 INFO o.s.b.w.s.c.ServletWebServerApplicationContext [main] Root WebApplicationContext: initialization completed in 1288 ms
2025-07-11 11:40:07,406 INFO o.a.j.l.DirectJDKLog [main] Starting ProtocolHandler ["http-nio-8080"]
2025-07-11 11:40:07,425 WARN o.s.c.s.AbstractApplicationContext [main] Exception encountered during context initialization - cancelling refresh attempt: org.springframework.context.ApplicationContextException: Failed to start bean 'webServerStartStop'
2025-07-11 11:40:07,452 INFO o.s.b.a.l.ConditionEvaluationReportLogger [main] 

Error starting ApplicationContext. To display the condition evaluation report re-run your application with 'debug' enabled.
2025-07-11 11:40:07,485 ERROR o.s.b.d.LoggingFailureAnalysisReporter [main] 

***************************
APPLICATION FAILED TO START
***************************

Description:

Web server failed to start. Port 8080 was already in use.

Action:

Identify and stop the process that's listening on port 8080 or configure this application to listen on another port.

2025-07-11 11:40:21,562 INFO o.h.v.i.u.Version [background-preinit] HV000001: Hibernate Validator 8.0.2.Final
2025-07-11 11:40:21,659 INFO o.s.b.StartupInfoLogger [main] Starting SearchBotApplication using Java 17.0.9 with PID 6448 (C:\workspace\nearby-search-bot\target\classes started by user in C:\workspace\nearby-search-bot)
2025-07-11 11:40:21,662 INFO o.s.b.SpringApplication [main] No active profile set, falling back to 1 default profile: "default"
2025-07-11 11:40:22,737 INFO o.s.b.w.e.t.TomcatWebServer [main] Tomcat initialized with port 8080 (http)
2025-07-11 11:40:22,747 INFO o.a.j.l.DirectJDKLog [main] Initializing ProtocolHandler ["http-nio-8080"]
2025-07-11 11:40:22,749 INFO o.a.j.l.DirectJDKLog [main] Starting service [Tomcat]
2025-07-11 11:40:22,749 INFO o.a.j.l.DirectJDKLog [main] Starting Servlet engine: [Apache Tomcat/10.1.42]
2025-07-11 11:40:22,828 INFO o.a.j.l.DirectJDKLog [main] Initializing Spring embedded WebApplicationContext
2025-07-11 11:40:22,829 INFO o.s.b.w.s.c.ServletWebServerApplicationContext [main] Root WebApplicationContext: initialization completed in 1119 ms
2025-07-11 11:40:23,235 INFO o.a.j.l.DirectJDKLog [main] Starting ProtocolHandler ["http-nio-8080"]
2025-07-11 11:40:23,272 INFO o.s.b.w.e.t.TomcatWebServer [main] Tomcat started on port 8080 (http) with context path '/'
2025-07-11 11:40:23,280 INFO o.s.b.StartupInfoLogger [main] Started SearchBotApplication in 2.231 seconds (process running for 2.651)
2025-07-11 11:40:39,323 INFO o.a.j.l.DirectJDKLog [http-nio-8080-exec-1] Initializing Spring DispatcherServlet 'dispatcherServlet'
2025-07-11 11:40:39,323 INFO o.s.w.s.FrameworkServlet [http-nio-8080-exec-1] Initializing Servlet 'dispatcherServlet'
2025-07-11 11:40:39,324 INFO o.s.w.s.FrameworkServlet [http-nio-8080-exec-1] Completed initialization in 1 ms
2025-07-11 11:41:37,360 INFO o.h.v.i.u.Version [background-preinit] HV000001: Hibernate Validator 8.0.2.Final
2025-07-11 11:41:37,442 INFO o.s.b.StartupInfoLogger [main] Starting SearchBotApplication using Java 17.0.9 with PID 13240 (C:\workspace\nearby-search-bot\target\classes started by user in C:\workspace\nearby-search-bot)
2025-07-11 11:41:37,444 INFO o.s.b.SpringApplication [main] No active profile set, falling back to 1 default profile: "default"
2025-07-11 11:41:38,539 INFO o.s.b.w.e.t.TomcatWebServer [main] Tomcat initialized with port 8080 (http)
2025-07-11 11:41:38,549 INFO o.a.j.l.DirectJDKLog [main] Initializing ProtocolHandler ["http-nio-8080"]
2025-07-11 11:41:38,551 INFO o.a.j.l.DirectJDKLog [main] Starting service [Tomcat]
2025-07-11 11:41:38,552 INFO o.a.j.l.DirectJDKLog [main] Starting Servlet engine: [Apache Tomcat/10.1.42]
2025-07-11 11:41:38,632 INFO o.a.j.l.DirectJDKLog [main] Initializing Spring embedded WebApplicationContext
2025-07-11 11:41:38,632 INFO o.s.b.w.s.c.ServletWebServerApplicationContext [main] Root WebApplicationContext: initialization completed in 1143 ms
2025-07-11 11:41:39,015 INFO o.a.j.l.DirectJDKLog [main] Starting ProtocolHandler ["http-nio-8080"]
2025-07-11 11:41:39,040 INFO o.s.b.w.e.t.TomcatWebServer [main] Tomcat started on port 8080 (http) with context path '/'
2025-07-11 11:41:39,047 INFO o.s.b.StartupInfoLogger [main] Started SearchBotApplication in 2.183 seconds (process running for 2.594)
2025-07-11 11:41:52,405 INFO o.a.j.l.DirectJDKLog [http-nio-8080-exec-1] Initializing Spring DispatcherServlet 'dispatcherServlet'
2025-07-11 11:41:52,405 INFO o.s.w.s.FrameworkServlet [http-nio-8080-exec-1] Initializing Servlet 'dispatcherServlet'
2025-07-11 11:41:52,406 INFO o.s.w.s.FrameworkServlet [http-nio-8080-exec-1] Completed initialization in 1 ms
2025-07-11 11:43:59,902 INFO o.h.v.i.u.Version [background-preinit] HV000001: Hibernate Validator 8.0.2.Final
2025-07-11 11:43:59,993 INFO o.s.b.StartupInfoLogger [main] Starting SearchBotApplication using Java 17.0.9 with PID 1192 (C:\workspace\nearby-search-bot\target\classes started by user in C:\workspace\nearby-search-bot)
2025-07-11 11:43:59,994 INFO o.s.b.SpringApplication [main] No active profile set, falling back to 1 default profile: "default"
2025-07-11 11:44:01,057 INFO o.s.b.w.e.t.TomcatWebServer [main] Tomcat initialized with port 8080 (http)
2025-07-11 11:44:01,068 INFO o.a.j.l.DirectJDKLog [main] Initializing ProtocolHandler ["http-nio-8080"]
2025-07-11 11:44:01,070 INFO o.a.j.l.DirectJDKLog [main] Starting service [Tomcat]
2025-07-11 11:44:01,070 INFO o.a.j.l.DirectJDKLog [main] Starting Servlet engine: [Apache Tomcat/10.1.42]
2025-07-11 11:44:01,151 INFO o.a.j.l.DirectJDKLog [main] Initializing Spring embedded WebApplicationContext
2025-07-11 11:44:01,152 INFO o.s.b.w.s.c.ServletWebServerApplicationContext [main] Root WebApplicationContext: initialization completed in 1103 ms
2025-07-11 11:44:01,540 INFO o.a.j.l.DirectJDKLog [main] Starting ProtocolHandler ["http-nio-8080"]
2025-07-11 11:44:01,570 INFO o.s.b.w.e.t.TomcatWebServer [main] Tomcat started on port 8080 (http) with context path '/'
2025-07-11 11:44:01,578 INFO o.s.b.StartupInfoLogger [main] Started SearchBotApplication in 2.193 seconds (process running for 2.617)
2025-07-11 11:44:13,252 INFO o.a.j.l.DirectJDKLog [http-nio-8080-exec-1] Initializing Spring DispatcherServlet 'dispatcherServlet'
2025-07-11 11:44:13,252 INFO o.s.w.s.FrameworkServlet [http-nio-8080-exec-1] Initializing Servlet 'dispatcherServlet'
2025-07-11 11:44:13,253 INFO o.s.w.s.FrameworkServlet [http-nio-8080-exec-1] Completed initialization in 1 ms
2025-07-11 13:11:12,663 INFO o.h.v.i.u.Version [background-preinit] HV000001: Hibernate Validator 8.0.2.Final
2025-07-11 13:11:12,731 INFO o.s.b.StartupInfoLogger [main] Starting SearchBotApplication using Java 17.0.9 with PID 8640 (C:\workspace\nearby-search-bot\target\classes started by user in C:\workspace\nearby-search-bot)
2025-07-11 13:11:12,733 INFO o.s.b.SpringApplication [main] No active profile set, falling back to 1 default profile: "default"
2025-07-11 13:11:13,945 INFO o.s.b.w.e.t.TomcatWebServer [main] Tomcat initialized with port 8080 (http)
2025-07-11 13:11:13,955 INFO o.a.j.l.DirectJDKLog [main] Initializing ProtocolHandler ["http-nio-8080"]
2025-07-11 13:11:13,957 INFO o.a.j.l.DirectJDKLog [main] Starting service [Tomcat]
2025-07-11 13:11:13,957 INFO o.a.j.l.DirectJDKLog [main] Starting Servlet engine: [Apache Tomcat/10.1.42]
2025-07-11 13:11:14,040 INFO o.a.j.l.DirectJDKLog [main] Initializing Spring embedded WebApplicationContext
2025-07-11 13:11:14,040 INFO o.s.b.w.s.c.ServletWebServerApplicationContext [main] Root WebApplicationContext: initialization completed in 1264 ms
2025-07-11 13:11:14,419 INFO o.a.j.l.DirectJDKLog [main] Starting ProtocolHandler ["http-nio-8080"]
2025-07-11 13:11:14,453 INFO o.s.b.w.e.t.TomcatWebServer [main] Tomcat started on port 8080 (http) with context path '/'
2025-07-11 13:11:14,460 INFO o.s.b.StartupInfoLogger [main] Started SearchBotApplication in 2.291 seconds (process running for 2.708)
2025-07-11 13:11:54,005 INFO o.a.j.l.DirectJDKLog [http-nio-8080-exec-1] Initializing Spring DispatcherServlet 'dispatcherServlet'
2025-07-11 13:11:54,005 INFO o.s.w.s.FrameworkServlet [http-nio-8080-exec-1] Initializing Servlet 'dispatcherServlet'
2025-07-11 13:11:54,006 INFO o.s.w.s.FrameworkServlet [http-nio-8080-exec-1] Completed initialization in 0 ms
2025-07-11 13:13:21,573 INFO o.h.v.i.u.Version [background-preinit] HV000001: Hibernate Validator 8.0.2.Final
2025-07-11 13:13:21,653 INFO o.s.b.StartupInfoLogger [main] Starting SearchBotApplication using Java 17.0.9 with PID 12900 (C:\workspace\nearby-search-bot\target\classes started by user in C:\workspace\nearby-search-bot)
2025-07-11 13:13:21,655 INFO o.s.b.SpringApplication [main] No active profile set, falling back to 1 default profile: "default"
2025-07-11 13:13:22,790 INFO o.s.b.w.e.t.TomcatWebServer [main] Tomcat initialized with port 8080 (http)
2025-07-11 13:13:22,799 INFO o.a.j.l.DirectJDKLog [main] Initializing ProtocolHandler ["http-nio-8080"]
2025-07-11 13:13:22,802 INFO o.a.j.l.DirectJDKLog [main] Starting service [Tomcat]
2025-07-11 13:13:22,802 INFO o.a.j.l.DirectJDKLog [main] Starting Servlet engine: [Apache Tomcat/10.1.42]
2025-07-11 13:13:22,883 INFO o.a.j.l.DirectJDKLog [main] Initializing Spring embedded WebApplicationContext
2025-07-11 13:13:22,884 INFO o.s.b.w.s.c.ServletWebServerApplicationContext [main] Root WebApplicationContext: initialization completed in 1179 ms
2025-07-11 13:13:23,252 INFO o.a.j.l.DirectJDKLog [main] Starting ProtocolHandler ["http-nio-8080"]
2025-07-11 13:13:23,291 INFO o.s.b.w.e.t.TomcatWebServer [main] Tomcat started on port 8080 (http) with context path '/'
2025-07-11 13:13:23,301 INFO o.s.b.StartupInfoLogger [main] Started SearchBotApplication in 2.237 seconds (process running for 2.662)
2025-07-11 13:13:26,270 INFO o.a.j.l.DirectJDKLog [http-nio-8080-exec-1] Initializing Spring DispatcherServlet 'dispatcherServlet'
2025-07-11 13:13:26,271 INFO o.s.w.s.FrameworkServlet [http-nio-8080-exec-1] Initializing Servlet 'dispatcherServlet'
2025-07-11 13:13:26,272 INFO o.s.w.s.FrameworkServlet [http-nio-8080-exec-1] Completed initialization in 1 ms
2025-07-11 13:14:32,943 INFO o.h.v.i.u.Version [background-preinit] HV000001: Hibernate Validator 8.0.2.Final
2025-07-11 13:14:33,037 INFO o.s.b.StartupInfoLogger [main] Starting SearchBotApplication using Java 17.0.9 with PID 6772 (C:\workspace\nearby-search-bot\target\classes started by user in C:\workspace\nearby-search-bot)
2025-07-11 13:14:33,039 INFO o.s.b.SpringApplication [main] No active profile set, falling back to 1 default profile: "default"
2025-07-11 13:14:34,075 INFO o.s.b.w.e.t.TomcatWebServer [main] Tomcat initialized with port 8080 (http)
2025-07-11 13:14:34,085 INFO o.a.j.l.DirectJDKLog [main] Initializing ProtocolHandler ["http-nio-8080"]
2025-07-11 13:14:34,087 INFO o.a.j.l.DirectJDKLog [main] Starting service [Tomcat]
2025-07-11 13:14:34,088 INFO o.a.j.l.DirectJDKLog [main] Starting Servlet engine: [Apache Tomcat/10.1.42]
2025-07-11 13:14:34,169 INFO o.a.j.l.DirectJDKLog [main] Initializing Spring embedded WebApplicationContext
2025-07-11 13:14:34,169 INFO o.s.b.w.s.c.ServletWebServerApplicationContext [main] Root WebApplicationContext: initialization completed in 1081 ms
2025-07-11 13:14:34,544 INFO o.a.j.l.DirectJDKLog [main] Starting ProtocolHandler ["http-nio-8080"]
2025-07-11 13:14:34,568 INFO o.s.b.w.e.t.TomcatWebServer [main] Tomcat started on port 8080 (http) with context path '/'
2025-07-11 13:14:34,576 INFO o.s.b.StartupInfoLogger [main] Started SearchBotApplication in 2.144 seconds (process running for 2.562)
2025-07-11 13:14:43,103 INFO o.a.j.l.DirectJDKLog [http-nio-8080-exec-1] Initializing Spring DispatcherServlet 'dispatcherServlet'
2025-07-11 13:14:43,103 INFO o.s.w.s.FrameworkServlet [http-nio-8080-exec-1] Initializing Servlet 'dispatcherServlet'
2025-07-11 13:14:43,104 INFO o.s.w.s.FrameworkServlet [http-nio-8080-exec-1] Completed initialization in 1 ms
2025-07-13 12:12:45,218 INFO o.h.v.i.u.Version [background-preinit] HV000001: Hibernate Validator 8.0.2.Final
2025-07-13 12:12:45,291 INFO o.s.b.StartupInfoLogger [main] Starting SearchBotApplication using Java 17.0.9 with PID 7816 (C:\workspace\nearby-search-bot\target\classes started by user in C:\workspace\nearby-search-bot)
2025-07-13 12:12:45,292 INFO o.s.b.SpringApplication [main] No active profile set, falling back to 1 default profile: "default"
2025-07-13 12:12:46,560 INFO o.s.b.w.e.t.TomcatWebServer [main] Tomcat initialized with port 8080 (http)
2025-07-13 12:12:46,570 INFO o.a.j.l.DirectJDKLog [main] Initializing ProtocolHandler ["http-nio-8080"]
2025-07-13 12:12:46,573 INFO o.a.j.l.DirectJDKLog [main] Starting service [Tomcat]
2025-07-13 12:12:46,573 INFO o.a.j.l.DirectJDKLog [main] Starting Servlet engine: [Apache Tomcat/10.1.42]
2025-07-13 12:12:46,656 INFO o.a.j.l.DirectJDKLog [main] Initializing Spring embedded WebApplicationContext
2025-07-13 12:12:46,656 INFO o.s.b.w.s.c.ServletWebServerApplicationContext [main] Root WebApplicationContext: initialization completed in 1322 ms
2025-07-13 12:12:47,032 INFO o.a.j.l.DirectJDKLog [main] Starting ProtocolHandler ["http-nio-8080"]
2025-07-13 12:12:47,057 INFO o.s.b.w.e.t.TomcatWebServer [main] Tomcat started on port 8080 (http) with context path '/'
2025-07-13 12:12:47,065 INFO o.s.b.StartupInfoLogger [main] Started SearchBotApplication in 2.346 seconds (process running for 2.766)
2025-07-13 12:13:40,819 INFO o.a.j.l.DirectJDKLog [http-nio-8080-exec-1] Initializing Spring DispatcherServlet 'dispatcherServlet'
2025-07-13 12:13:40,819 INFO o.s.w.s.FrameworkServlet [http-nio-8080-exec-1] Initializing Servlet 'dispatcherServlet'
2025-07-13 12:13:40,820 INFO o.s.w.s.FrameworkServlet [http-nio-8080-exec-1] Completed initialization in 0 ms
